4278 [JavaFX Application Thread] INFO  sudoku.model.SudokuBoard - Bład w kwadracie 0
sudoku.model.SudokuBoard@7093bd42[
  size=9
  solver=sudoku.model.BacktrackingSudokuSolver@aaed00
  board={{7,1,8,9,2,3,4,6,5},{2,3,6,8,7,4,9,0,0},{0,0,0,0,0,0,0,0,0},{0,0,0,0,0,0,0,0,0},{0,0,0,0,0,0,0,0,0},{0,0,0,0,0,0,0,0,0},{0,0,0,0,0,0,0,0,0},{0,0,0,0,0,0,0,0,0},{0,0,0,0,0,0,0,0,0}}
]
4282 [JavaFX Application Thread] INFO  sudoku.model.SudokuBoard - Wartość 0 wstawiona nieprawidłowo
4283 [JavaFX Application Thread] INFO  sudoku.model.SudokuBoard - Bład w kwadracie 0
sudoku.model.SudokuBoard@7093bd42[
  size=9
  solver=sudoku.model.BacktrackingSudokuSolver@aaed00
  board={{7,1,8,9,2,3,4,6,5},{2,3,6,8,7,4,0,0,0},{0,0,0,0,0,0,0,0,0},{0,0,0,0,0,0,0,0,0},{0,0,0,0,0,0,0,0,0},{0,0,0,0,0,0,0,0,0},{0,0,0,0,0,0,0,0,0},{0,0,0,0,0,0,0,0,0},{0,0,0,0,0,0,0,0,0}}
]
4285 [JavaFX Application Thread] INFO  sudoku.model.SudokuBoard - Wartość 0 wstawiona nieprawidłowo
4286 [JavaFX Application Thread] INFO  sudoku.model.SudokuBoard - Bład w kwadracie 0
sudoku.model.SudokuBoard@7093bd42[
  size=9
  solver=sudoku.model.BacktrackingSudokuSolver@aaed00
  board={{7,1,8,9,2,3,4,6,5},{2,3,6,8,7,4,1,0,0},{0,0,0,0,0,0,0,0,0},{0,0,0,0,0,0,0,0,0},{0,0,0,0,0,0,0,0,0},{0,0,0,0,0,0,0,0,0},{0,0,0,0,0,0,0,0,0},{0,0,0,0,0,0,0,0,0},{0,0,0,0,0,0,0,0,0}}
]
4286 [JavaFX Application Thread] INFO  sudoku.model.SudokuBoard - Wartość 0 wstawiona nieprawidłowo
4287 [JavaFX Application Thread] INFO  sudoku.model.SudokuBoard - Bład w kwadracie 0
sudoku.model.SudokuBoard@7093bd42[
  size=9
  solver=sudoku.model.BacktrackingSudokuSolver@aaed00
  board={{7,1,8,9,2,3,4,6,5},{2,3,6,8,7,4,0,0,0},{0,0,0,0,0,0,0,0,0},{0,0,0,0,0,0,0,0,0},{0,0,0,0,0,0,0,0,0},{0,0,0,0,0,0,0,0,0},{0,0,0,0,0,0,0,0,0},{0,0,0,0,0,0,0,0,0},{0,0,0,0,0,0,0,0,0}}
]
4287 [JavaFX Application Thread] INFO  sudoku.model.SudokuBoard - Wartość 0 wstawiona nieprawidłowo
4288 [JavaFX Application Thread] INFO  sudoku.model.SudokuBoard - Bład w kwadracie 0
sudoku.model.SudokuBoard@7093bd42[
  size=9
  solver=sudoku.model.BacktrackingSudokuSolver@aaed00
  board={{7,1,8,9,2,3,4,6,5},{2,3,6,8,7,0,0,0,0},{0,0,0,0,0,0,0,0,0},{0,0,0,0,0,0,0,0,0},{0,0,0,0,0,0,0,0,0},{0,0,0,0,0,0,0,0,0},{0,0,0,0,0,0,0,0,0},{0,0,0,0,0,0,0,0,0},{0,0,0,0,0,0,0,0,0}}
]
4288 [JavaFX Application Thread] INFO  sudoku.model.SudokuBoard - Wartość 0 wstawiona nieprawidłowo
4289 [JavaFX Application Thread] INFO  sudoku.model.SudokuBoard - Bład w kwadracie 0
sudoku.model.SudokuBoard@7093bd42[
  size=9
  solver=sudoku.model.BacktrackingSudokuSolver@aaed00
  board={{7,1,8,9,2,3,4,6,5},{2,3,6,8,7,5,9,0,0},{0,0,0,0,0,0,0,0,0},{0,0,0,0,0,0,0,0,0},{0,0,0,0,0,0,0,0,0},{0,0,0,0,0,0,0,0,0},{0,0,0,0,0,0,0,0,0},{0,0,0,0,0,0,0,0,0},{0,0,0,0,0,0,0,0,0}}
]
4289 [JavaFX Application Thread] INFO  sudoku.model.SudokuBoard - Wartość 0 wstawiona nieprawidłowo
4290 [JavaFX Application Thread] INFO  sudoku.model.SudokuBoard - Bład w kwadracie 0
sudoku.model.SudokuBoard@7093bd42[
  size=9
  solver=sudoku.model.BacktrackingSudokuSolver@aaed00
  board={{7,1,8,9,2,3,4,6,5},{2,3,6,8,7,5,0,0,0},{0,0,0,0,0,0,0,0,0},{0,0,0,0,0,0,0,0,0},{0,0,0,0,0,0,0,0,0},{0,0,0,0,0,0,0,0,0},{0,0,0,0,0,0,0,0,0},{0,0,0,0,0,0,0,0,0},{0,0,0,0,0,0,0,0,0}}
]
4290 [JavaFX Application Thread] INFO  sudoku.model.SudokuBoard - Wartość 0 wstawiona nieprawidłowo
4291 [JavaFX Application Thread] INFO  sudoku.model.SudokuBoard - Bład w kwadracie 0
sudoku.model.SudokuBoard@7093bd42[
  size=9
  solver=sudoku.model.BacktrackingSudokuSolver@aaed00
  board={{7,1,8,9,2,3,4,6,5},{2,3,6,8,7,5,1,0,0},{0,0,0,0,0,0,0,0,0},{0,0,0,0,0,0,0,0,0},{0,0,0,0,0,0,0,0,0},{0,0,0,0,0,0,0,0,0},{0,0,0,0,0,0,0,0,0},{0,0,0,0,0,0,0,0,0},{0,0,0,0,0,0,0,0,0}}
]
4291 [JavaFX Application Thread] INFO  sudoku.model.SudokuBoard - Wartość 0 wstawiona nieprawidłowo
4292 [JavaFX Application Thread] INFO  sudoku.model.SudokuBoard - Bład w kwadracie 0
sudoku.model.SudokuBoard@7093bd42[
  size=9
  solver=sudoku.model.BacktrackingSudokuSolver@aaed00
  board={{7,1,8,9,2,3,4,6,5},{2,3,6,8,7,5,0,0,0},{0,0,0,0,0,0,0,0,0},{0,0,0,0,0,0,0,0,0},{0,0,0,0,0,0,0,0,0},{0,0,0,0,0,0,0,0,0},{0,0,0,0,0,0,0,0,0},{0,0,0,0,0,0,0,0,0},{0,0,0,0,0,0,0,0,0}}
]
4292 [JavaFX Application Thread] INFO  sudoku.model.SudokuBoard - Wartość 0 wstawiona nieprawidłowo
4293 [JavaFX Application Thread] INFO  sudoku.model.SudokuBoard - Bład w kwadracie 0
sudoku.model.SudokuBoard@7093bd42[
  size=9
  solver=sudoku.model.BacktrackingSudokuSolver@aaed00
  board={{7,1,8,9,2,3,4,6,5},{2,3,6,8,7,0,0,0,0},{0,0,0,0,0,0,0,0,0},{0,0,0,0,0,0,0,0,0},{0,0,0,0,0,0,0,0,0},{0,0,0,0,0,0,0,0,0},{0,0,0,0,0,0,0,0,0},{0,0,0,0,0,0,0,0,0},{0,0,0,0,0,0,0,0,0}}
]
4293 [JavaFX Application Thread] INFO  sudoku.model.SudokuBoard - Wartość 0 wstawiona nieprawidłowo
4293 [JavaFX Application Thread] INFO  sudoku.model.SudokuBoard - Bład w kwadracie 0
sudoku.model.SudokuBoard@7093bd42[
  size=9
  solver=sudoku.model.BacktrackingSudokuSolver@aaed00
  board={{7,1,8,9,2,3,4,6,5},{2,3,6,8,7,1,0,0,0},{0,0,0,0,0,0,0,0,0},{0,0,0,0,0,0,0,0,0},{0,0,0,0,0,0,0,0,0},{0,0,0,0,0,0,0,0,0},{0,0,0,0,0,0,0,0,0},{0,0,0,0,0,0,0,0,0},{0,0,0,0,0,0,0,0,0}}
]
4294 [JavaFX Application Thread] INFO  sudoku.model.SudokuBoard - Wartość 0 wstawiona nieprawidłowo
4294 [JavaFX Application Thread] INFO  sudoku.model.SudokuBoard - Bład w kwadracie 0
sudoku.model.SudokuBoard@7093bd42[
  size=9
  solver=sudoku.model.BacktrackingSudokuSolver@aaed00
  board={{7,1,8,9,2,3,4,6,5},{2,3,6,8,7,0,0,0,0},{0,0,0,0,0,0,0,0,0},{0,0,0,0,0,0,0,0,0},{0,0,0,0,0,0,0,0,0},{0,0,0,0,0,0,0,0,0},{0,0,0,0,0,0,0,0,0},{0,0,0,0,0,0,0,0,0},{0,0,0,0,0,0,0,0,0}}
]
4294 [JavaFX Application Thread] INFO  sudoku.model.SudokuBoard - Wartość 0 wstawiona nieprawidłowo
4295 [JavaFX Application Thread] INFO  sudoku.model.SudokuBoard - Bład w kwadracie 0
sudoku.model.SudokuBoard@7093bd42[
  size=9
  solver=sudoku.model.BacktrackingSudokuSolver@aaed00
  board={{7,1,8,9,2,3,4,6,5},{2,3,6,8,0,0,0,0,0},{0,0,0,0,0,0,0,0,0},{0,0,0,0,0,0,0,0,0},{0,0,0,0,0,0,0,0,0},{0,0,0,0,0,0,0,0,0},{0,0,0,0,0,0,0,0,0},{0,0,0,0,0,0,0,0,0},{0,0,0,0,0,0,0,0,0}}
]
4295 [JavaFX Application Thread] INFO  sudoku.model.SudokuBoard - Wartość 0 wstawiona nieprawidłowo
4296 [JavaFX Application Thread] INFO  sudoku.model.SudokuBoard - Bład w kwadracie 0
sudoku.model.SudokuBoard@7093bd42[
  size=9
  solver=sudoku.model.BacktrackingSudokuSolver@aaed00
  board={{7,1,8,9,2,3,4,6,5},{2,3,6,8,1,7,0,0,0},{0,0,0,0,0,0,0,0,0},{0,0,0,0,0,0,0,0,0},{0,0,0,0,0,0,0,0,0},{0,0,0,0,0,0,0,0,0},{0,0,0,0,0,0,0,0,0},{0,0,0,0,0,0,0,0,0},{0,0,0,0,0,0,0,0,0}}
]
4298 [JavaFX Application Thread] INFO  sudoku.model.SudokuBoard - Wartość 0 wstawiona nieprawidłowo
4298 [JavaFX Application Thread] INFO  sudoku.model.SudokuBoard - Bład w kwadracie 0
sudoku.model.SudokuBoard@7093bd42[
  size=9
  solver=sudoku.model.BacktrackingSudokuSolver@aaed00
  board={{7,1,8,9,2,3,4,6,5},{2,3,6,8,1,0,0,0,0},{0,0,0,0,0,0,0,0,0},{0,0,0,0,0,0,0,0,0},{0,0,0,0,0,0,0,0,0},{0,0,0,0,0,0,0,0,0},{0,0,0,0,0,0,0,0,0},{0,0,0,0,0,0,0,0,0},{0,0,0,0,0,0,0,0,0}}
]
4299 [JavaFX Application Thread] INFO  sudoku.model.SudokuBoard - Wartość 0 wstawiona nieprawidłowo
4299 [JavaFX Application Thread] INFO  sudoku.model.SudokuBoard - Bład w kwadracie 0
sudoku.model.SudokuBoard@7093bd42[
  size=9
  solver=sudoku.model.BacktrackingSudokuSolver@aaed00
  board={{7,1,8,9,2,3,4,6,5},{2,3,6,8,1,4,7,0,0},{0,0,0,0,0,0,0,0,0},{0,0,0,0,0,0,0,0,0},{0,0,0,0,0,0,0,0,0},{0,0,0,0,0,0,0,0,0},{0,0,0,0,0,0,0,0,0},{0,0,0,0,0,0,0,0,0},{0,0,0,0,0,0,0,0,0}}
]
4299 [JavaFX Application Thread] INFO  sudoku.model.SudokuBoard - Wartość 0 wstawiona nieprawidłowo
4300 [JavaFX Application Thread] INFO  sudoku.model.SudokuBoard - Bład w kwadracie 0
sudoku.model.SudokuBoard@7093bd42[
  size=9
  solver=sudoku.model.BacktrackingSudokuSolver@aaed00
  board={{7,1,8,9,2,3,4,6,5},{2,3,6,8,1,4,0,0,0},{0,0,0,0,0,0,0,0,0},{0,0,0,0,0,0,0,0,0},{0,0,0,0,0,0,0,0,0},{0,0,0,0,0,0,0,0,0},{0,0,0,0,0,0,0,0,0},{0,0,0,0,0,0,0,0,0},{0,0,0,0,0,0,0,0,0}}
]
4300 [JavaFX Application Thread] INFO  sudoku.model.SudokuBoard - Wartość 0 wstawiona nieprawidłowo
4300 [JavaFX Application Thread] INFO  sudoku.model.SudokuBoard - Bład w kwadracie 0
sudoku.model.SudokuBoard@7093bd42[
  size=9
  solver=sudoku.model.BacktrackingSudokuSolver@aaed00
  board={{7,1,8,9,2,3,4,6,5},{2,3,6,8,1,4,9,0,0},{0,0,0,0,0,0,0,0,0},{0,0,0,0,0,0,0,0,0},{0,0,0,0,0,0,0,0,0},{0,0,0,0,0,0,0,0,0},{0,0,0,0,0,0,0,0,0},{0,0,0,0,0,0,0,0,0},{0,0,0,0,0,0,0,0,0}}
]
4300 [JavaFX Application Thread] INFO  sudoku.model.SudokuBoard - Wartość 0 wstawiona nieprawidłowo
4301 [JavaFX Application Thread] INFO  sudoku.model.SudokuBoard - Bład w kwadracie 0
sudoku.model.SudokuBoard@7093bd42[
  size=9
  solver=sudoku.model.BacktrackingSudokuSolver@aaed00
  board={{7,1,8,9,2,3,4,6,5},{2,3,6,8,1,4,0,0,0},{0,0,0,0,0,0,0,0,0},{0,0,0,0,0,0,0,0,0},{0,0,0,0,0,0,0,0,0},{0,0,0,0,0,0,0,0,0},{0,0,0,0,0,0,0,0,0},{0,0,0,0,0,0,0,0,0},{0,0,0,0,0,0,0,0,0}}
]
4301 [JavaFX Application Thread] INFO  sudoku.model.SudokuBoard - Wartość 0 wstawiona nieprawidłowo
4301 [JavaFX Application Thread] INFO  sudoku.model.SudokuBoard - Bład w kwadracie 0
sudoku.model.SudokuBoard@7093bd42[
  size=9
  solver=sudoku.model.BacktrackingSudokuSolver@aaed00
  board={{7,1,8,9,2,3,4,6,5},{2,3,6,8,1,0,0,0,0},{0,0,0,0,0,0,0,0,0},{0,0,0,0,0,0,0,0,0},{0,0,0,0,0,0,0,0,0},{0,0,0,0,0,0,0,0,0},{0,0,0,0,0,0,0,0,0},{0,0,0,0,0,0,0,0,0},{0,0,0,0,0,0,0,0,0}}
]
4302 [JavaFX Application Thread] INFO  sudoku.model.SudokuBoard - Wartość 0 wstawiona nieprawidłowo
4302 [JavaFX Application Thread] INFO  sudoku.model.SudokuBoard - Bład w kwadracie 0
sudoku.model.SudokuBoard@7093bd42[
  size=9
  solver=sudoku.model.BacktrackingSudokuSolver@aaed00
  board={{7,1,8,9,2,3,4,6,5},{2,3,6,8,1,5,7,0,0},{0,0,0,0,0,0,0,0,0},{0,0,0,0,0,0,0,0,0},{0,0,0,0,0,0,0,0,0},{0,0,0,0,0,0,0,0,0},{0,0,0,0,0,0,0,0,0},{0,0,0,0,0,0,0,0,0},{0,0,0,0,0,0,0,0,0}}
]
4302 [JavaFX Application Thread] INFO  sudoku.model.SudokuBoard - Wartość 0 wstawiona nieprawidłowo
4303 [JavaFX Application Thread] INFO  sudoku.model.SudokuBoard - Bład w kwadracie 0
sudoku.model.SudokuBoard@7093bd42[
  size=9
  solver=sudoku.model.BacktrackingSudokuSolver@aaed00
  board={{7,1,8,9,2,3,4,6,5},{2,3,6,8,1,5,0,0,0},{0,0,0,0,0,0,0,0,0},{0,0,0,0,0,0,0,0,0},{0,0,0,0,0,0,0,0,0},{0,0,0,0,0,0,0,0,0},{0,0,0,0,0,0,0,0,0},{0,0,0,0,0,0,0,0,0},{0,0,0,0,0,0,0,0,0}}
]
4303 [JavaFX Application Thread] INFO  sudoku.model.SudokuBoard - Wartość 0 wstawiona nieprawidłowo
4303 [JavaFX Application Thread] INFO  sudoku.model.SudokuBoard - Bład w kwadracie 0
sudoku.model.SudokuBoard@7093bd42[
  size=9
  solver=sudoku.model.BacktrackingSudokuSolver@aaed00
  board={{7,1,8,9,2,3,4,6,5},{2,3,6,8,1,5,9,0,0},{0,0,0,0,0,0,0,0,0},{0,0,0,0,0,0,0,0,0},{0,0,0,0,0,0,0,0,0},{0,0,0,0,0,0,0,0,0},{0,0,0,0,0,0,0,0,0},{0,0,0,0,0,0,0,0,0},{0,0,0,0,0,0,0,0,0}}
]
4303 [JavaFX Application Thread] INFO  sudoku.model.SudokuBoard - Wartość 0 wstawiona nieprawidłowo
4304 [JavaFX Application Thread] INFO  sudoku.model.SudokuBoard - Bład w kwadracie 0
sudoku.model.SudokuBoard@7093bd42[
  size=9
  solver=sudoku.model.BacktrackingSudokuSolver@aaed00
  board={{7,1,8,9,2,3,4,6,5},{2,3,6,8,1,5,0,0,0},{0,0,0,0,0,0,0,0,0},{0,0,0,0,0,0,0,0,0},{0,0,0,0,0,0,0,0,0},{0,0,0,0,0,0,0,0,0},{0,0,0,0,0,0,0,0,0},{0,0,0,0,0,0,0,0,0},{0,0,0,0,0,0,0,0,0}}
]
4304 [JavaFX Application Thread] INFO  sudoku.model.SudokuBoard - Wartość 0 wstawiona nieprawidłowo
4304 [JavaFX Application Thread] INFO  sudoku.model.SudokuBoard - Bład w kwadracie 0
sudoku.model.SudokuBoard@7093bd42[
  size=9
  solver=sudoku.model.BacktrackingSudokuSolver@aaed00
  board={{7,1,8,9,2,3,4,6,5},{2,3,6,8,1,0,0,0,0},{0,0,0,0,0,0,0,0,0},{0,0,0,0,0,0,0,0,0},{0,0,0,0,0,0,0,0,0},{0,0,0,0,0,0,0,0,0},{0,0,0,0,0,0,0,0,0},{0,0,0,0,0,0,0,0,0},{0,0,0,0,0,0,0,0,0}}
]
4304 [JavaFX Application Thread] INFO  sudoku.model.SudokuBoard - Wartość 0 wstawiona nieprawidłowo
4304 [JavaFX Application Thread] INFO  sudoku.model.SudokuBoard - Bład w kwadracie 0
sudoku.model.SudokuBoard@7093bd42[
  size=9
  solver=sudoku.model.BacktrackingSudokuSolver@aaed00
  board={{7,1,8,9,2,3,4,6,5},{2,3,6,8,0,0,0,0,0},{0,0,0,0,0,0,0,0,0},{0,0,0,0,0,0,0,0,0},{0,0,0,0,0,0,0,0,0},{0,0,0,0,0,0,0,0,0},{0,0,0,0,0,0,0,0,0},{0,0,0,0,0,0,0,0,0},{0,0,0,0,0,0,0,0,0}}
]
4305 [JavaFX Application Thread] INFO  sudoku.model.SudokuBoard - Wartość 0 wstawiona nieprawidłowo
4305 [JavaFX Application Thread] INFO  sudoku.model.SudokuBoard - Bład w kwadracie 0
sudoku.model.SudokuBoard@7093bd42[
  size=9
  solver=sudoku.model.BacktrackingSudokuSolver@aaed00
  board={{7,1,8,9,2,3,4,6,5},{2,3,6,8,4,7,9,0,0},{0,0,0,0,0,0,0,0,0},{0,0,0,0,0,0,0,0,0},{0,0,0,0,0,0,0,0,0},{0,0,0,0,0,0,0,0,0},{0,0,0,0,0,0,0,0,0},{0,0,0,0,0,0,0,0,0},{0,0,0,0,0,0,0,0,0}}
]
4305 [JavaFX Application Thread] INFO  sudoku.model.SudokuBoard - Wartość 0 wstawiona nieprawidłowo
4306 [JavaFX Application Thread] INFO  sudoku.model.SudokuBoard - Bład w kwadracie 0
sudoku.model.SudokuBoard@7093bd42[
  size=9
  solver=sudoku.model.BacktrackingSudokuSolver@aaed00
  board={{7,1,8,9,2,3,4,6,5},{2,3,6,8,4,7,0,0,0},{0,0,0,0,0,0,0,0,0},{0,0,0,0,0,0,0,0,0},{0,0,0,0,0,0,0,0,0},{0,0,0,0,0,0,0,0,0},{0,0,0,0,0,0,0,0,0},{0,0,0,0,0,0,0,0,0},{0,0,0,0,0,0,0,0,0}}
]
4306 [JavaFX Application Thread] INFO  sudoku.model.SudokuBoard - Wartość 0 wstawiona nieprawidłowo
4306 [JavaFX Application Thread] INFO  sudoku.model.SudokuBoard - Bład w kwadracie 0
sudoku.model.SudokuBoard@7093bd42[
  size=9
  solver=sudoku.model.BacktrackingSudokuSolver@aaed00
  board={{7,1,8,9,2,3,4,6,5},{2,3,6,8,4,7,1,0,0},{0,0,0,0,0,0,0,0,0},{0,0,0,0,0,0,0,0,0},{0,0,0,0,0,0,0,0,0},{0,0,0,0,0,0,0,0,0},{0,0,0,0,0,0,0,0,0},{0,0,0,0,0,0,0,0,0},{0,0,0,0,0,0,0,0,0}}
]
4306 [JavaFX Application Thread] INFO  sudoku.model.SudokuBoard - Wartość 0 wstawiona nieprawidłowo
4307 [JavaFX Application Thread] INFO  sudoku.model.SudokuBoard - Bład w kwadracie 0
sudoku.model.SudokuBoard@7093bd42[
  size=9
  solver=sudoku.model.BacktrackingSudokuSolver@aaed00
  board={{7,1,8,9,2,3,4,6,5},{2,3,6,8,4,7,0,0,0},{0,0,0,0,0,0,0,0,0},{0,0,0,0,0,0,0,0,0},{0,0,0,0,0,0,0,0,0},{0,0,0,0,0,0,0,0,0},{0,0,0,0,0,0,0,0,0},{0,0,0,0,0,0,0,0,0},{0,0,0,0,0,0,0,0,0}}
]
4307 [JavaFX Application Thread] INFO  sudoku.model.SudokuBoard - Wartość 0 wstawiona nieprawidłowo
4307 [JavaFX Application Thread] INFO  sudoku.model.SudokuBoard - Bład w kwadracie 0
sudoku.model.SudokuBoard@7093bd42[
  size=9
  solver=sudoku.model.BacktrackingSudokuSolver@aaed00
  board={{7,1,8,9,2,3,4,6,5},{2,3,6,8,4,0,0,0,0},{0,0,0,0,0,0,0,0,0},{0,0,0,0,0,0,0,0,0},{0,0,0,0,0,0,0,0,0},{0,0,0,0,0,0,0,0,0},{0,0,0,0,0,0,0,0,0},{0,0,0,0,0,0,0,0,0},{0,0,0,0,0,0,0,0,0}}
]
4307 [JavaFX Application Thread] INFO  sudoku.model.SudokuBoard - Wartość 0 wstawiona nieprawidłowo
4307 [JavaFX Application Thread] INFO  sudoku.model.SudokuBoard - Bład w kwadracie 0
sudoku.model.SudokuBoard@7093bd42[
  size=9
  solver=sudoku.model.BacktrackingSudokuSolver@aaed00
  board={{7,1,8,9,2,3,4,6,5},{2,3,6,8,4,1,7,0,0},{0,0,0,0,0,0,0,0,0},{0,0,0,0,0,0,0,0,0},{0,0,0,0,0,0,0,0,0},{0,0,0,0,0,0,0,0,0},{0,0,0,0,0,0,0,0,0},{0,0,0,0,0,0,0,0,0},{0,0,0,0,0,0,0,0,0}}
]
4308 [JavaFX Application Thread] INFO  sudoku.model.SudokuBoard - Wartość 0 wstawiona nieprawidłowo
4308 [JavaFX Application Thread] INFO  sudoku.model.SudokuBoard - Bład w kwadracie 0
sudoku.model.SudokuBoard@7093bd42[
  size=9
  solver=sudoku.model.BacktrackingSudokuSolver@aaed00
  board={{7,1,8,9,2,3,4,6,5},{2,3,6,8,4,1,0,0,0},{0,0,0,0,0,0,0,0,0},{0,0,0,0,0,0,0,0,0},{0,0,0,0,0,0,0,0,0},{0,0,0,0,0,0,0,0,0},{0,0,0,0,0,0,0,0,0},{0,0,0,0,0,0,0,0,0},{0,0,0,0,0,0,0,0,0}}
]
4308 [JavaFX Application Thread] INFO  sudoku.model.SudokuBoard - Wartość 0 wstawiona nieprawidłowo
4308 [JavaFX Application Thread] INFO  sudoku.model.SudokuBoard - Bład w kwadracie 0
sudoku.model.SudokuBoard@7093bd42[
  size=9
  solver=sudoku.model.BacktrackingSudokuSolver@aaed00
  board={{7,1,8,9,2,3,4,6,5},{2,3,6,8,4,1,9,0,0},{0,0,0,0,0,0,0,0,0},{0,0,0,0,0,0,0,0,0},{0,0,0,0,0,0,0,0,0},{0,0,0,0,0,0,0,0,0},{0,0,0,0,0,0,0,0,0},{0,0,0,0,0,0,0,0,0},{0,0,0,0,0,0,0,0,0}}
]
4308 [JavaFX Application Thread] INFO  sudoku.model.SudokuBoard - Wartość 0 wstawiona nieprawidłowo
4309 [JavaFX Application Thread] INFO  sudoku.model.SudokuBoard - Bład w kwadracie 0
sudoku.model.SudokuBoard@7093bd42[
  size=9
  solver=sudoku.model.BacktrackingSudokuSolver@aaed00
  board={{7,1,8,9,2,3,4,6,5},{2,3,6,8,4,1,0,0,0},{0,0,0,0,0,0,0,0,0},{0,0,0,0,0,0,0,0,0},{0,0,0,0,0,0,0,0,0},{0,0,0,0,0,0,0,0,0},{0,0,0,0,0,0,0,0,0},{0,0,0,0,0,0,0,0,0},{0,0,0,0,0,0,0,0,0}}
]
4309 [JavaFX Application Thread] INFO  sudoku.model.SudokuBoard - Wartość 0 wstawiona nieprawidłowo
4309 [JavaFX Application Thread] INFO  sudoku.model.SudokuBoard - Bład w kwadracie 0
sudoku.model.SudokuBoard@7093bd42[
  size=9
  solver=sudoku.model.BacktrackingSudokuSolver@aaed00
  board={{7,1,8,9,2,3,4,6,5},{2,3,6,8,4,0,0,0,0},{0,0,0,0,0,0,0,0,0},{0,0,0,0,0,0,0,0,0},{0,0,0,0,0,0,0,0,0},{0,0,0,0,0,0,0,0,0},{0,0,0,0,0,0,0,0,0},{0,0,0,0,0,0,0,0,0},{0,0,0,0,0,0,0,0,0}}
]
4309 [JavaFX Application Thread] INFO  sudoku.model.SudokuBoard - Wartość 0 wstawiona nieprawidłowo
4310 [JavaFX Application Thread] INFO  sudoku.model.SudokuBoard - Bład w kwadracie 0
sudoku.model.SudokuBoard@7093bd42[
  size=9
  solver=sudoku.model.BacktrackingSudokuSolver@aaed00
  board={{7,1,8,9,2,3,4,6,5},{2,3,6,8,4,5,9,1,7},{9,4,5,1,6,7,2,3,8},{5,6,7,2,8,9,1,4,3},{1,8,9,5,3,4,7,2,6},{3,2,4,6,0,0,0,0,0},{0,0,0,0,0,0,0,0,0},{0,0,0,0,0,0,0,0,0},{0,0,0,0,0,0,0,0,0}}
]
4310 [JavaFX Application Thread] INFO  sudoku.model.SudokuBoard - Wartość 0 wstawiona nieprawidłowo
4310 [JavaFX Application Thread] INFO  sudoku.model.SudokuBoard - Bład w kwadracie 0
sudoku.model.SudokuBoard@7093bd42[
  size=9
  solver=sudoku.model.BacktrackingSudokuSolver@aaed00
  board={{7,1,8,9,2,3,4,6,5},{2,3,6,8,4,5,9,1,7},{9,4,5,1,6,7,2,3,8},{5,6,7,2,8,9,1,4,3},{1,8,9,5,3,4,7,2,6},{3,2,4,6,7,1,5,8,9},{8,5,1,3,9,0,0,0,0},{0,0,0,0,0,0,0,0,0},{0,0,0,0,0,0,0,0,0}}
]
4311 [JavaFX Application Thread] INFO  sudoku.model.SudokuBoard - Wartość 0 wstawiona nieprawidłowo
4311 [JavaFX Application Thread] INFO  sudoku.model.SudokuBoard - Bład w kwadracie 0
sudoku.model.SudokuBoard@7093bd42[
  size=9
  solver=sudoku.model.BacktrackingSudokuSolver@aaed00
  board={{7,1,8,9,2,3,4,6,5},{2,3,6,8,4,5,9,1,7},{9,4,5,1,6,7,2,3,8},{5,6,7,2,8,9,1,4,3},{1,8,9,5,3,4,7,2,6},{3,2,4,6,7,1,5,8,9},{8,5,1,3,9,2,6,7,4},{6,9,2,7,5,8,0,0,0},{0,0,0,0,0,0,0,0,0}}
]
4311 [JavaFX Application Thread] INFO  sudoku.model.SudokuBoard - Wartość 0 wstawiona nieprawidłowo
4311 [JavaFX Application Thread] INFO  sudoku.model.SudokuBoard - Bład w kwadracie 0
sudoku.model.SudokuBoard@7093bd42[
  size=9
  solver=sudoku.model.BacktrackingSudokuSolver@aaed00
  board={{7,1,8,9,2,3,4,6,5},{2,3,6,8,4,5,9,1,7},{9,4,5,1,6,7,2,3,8},{5,6,7,2,8,9,1,4,3},{1,8,9,5,3,4,7,2,6},{3,2,4,6,7,1,5,8,9},{8,5,1,3,9,2,6,7,4},{6,9,2,7,5,0,0,0,0},{0,0,0,0,0,0,0,0,0}}
]
4311 [JavaFX Application Thread] INFO  sudoku.model.SudokuBoard - Wartość 0 wstawiona nieprawidłowo
4312 [JavaFX Application Thread] INFO  sudoku.model.SudokuBoard - Bład w kwadracie 0
sudoku.model.SudokuBoard@7093bd42[
  size=9
  solver=sudoku.model.BacktrackingSudokuSolver@aaed00
  board={{7,1,8,9,2,3,4,6,5},{2,3,6,8,4,5,9,1,7},{9,4,5,1,6,7,2,3,8},{5,6,7,2,8,9,1,4,3},{1,8,9,5,3,4,7,2,6},{3,2,4,6,7,1,5,8,9},{8,5,1,3,9,2,6,7,4},{6,9,2,7,0,0,0,0,0},{0,0,0,0,0,0,0,0,0}}
]
4312 [JavaFX Application Thread] INFO  sudoku.model.SudokuBoard - Wartość 0 wstawiona nieprawidłowo
4312 [JavaFX Application Thread] INFO  sudoku.model.SudokuBoard - Bład w kwadracie 0
sudoku.model.SudokuBoard@7093bd42[
  size=9
  solver=sudoku.model.BacktrackingSudokuSolver@aaed00
  board={{7,1,8,9,2,3,4,6,5},{2,3,6,8,4,5,9,1,7},{9,4,5,1,6,7,2,3,8},{5,6,7,2,8,9,1,4,3},{1,8,9,5,3,4,7,2,6},{3,2,4,6,7,1,5,8,9},{8,5,1,3,9,2,6,7,4},{6,9,2,7,1,8,3,0,0},{0,0,0,0,0,0,0,0,0}}
]
4313 [JavaFX Application Thread] INFO  sudoku.model.SudokuBoard - Wartość 0 wstawiona nieprawidłowo
4313 [JavaFX Application Thread] INFO  sudoku.model.SudokuBoard - Bład w kwadracie 0
sudoku.model.SudokuBoard@7093bd42[
  size=9
  solver=sudoku.model.BacktrackingSudokuSolver@aaed00
  board={{7,1,8,9,2,3,4,6,5},{2,3,6,8,4,5,9,1,7},{9,4,5,1,6,7,2,3,8},{5,6,7,2,8,9,1,4,3},{1,8,9,5,3,4,7,2,6},{3,2,4,6,7,1,5,8,9},{8,5,1,3,9,2,6,7,4},{6,9,2,7,1,8,0,0,0},{0,0,0,0,0,0,0,0,0}}
]
4313 [JavaFX Application Thread] INFO  sudoku.model.SudokuBoard - Wartość 0 wstawiona nieprawidłowo
4313 [JavaFX Application Thread] INFO  sudoku.model.SudokuBoard - Bład w kwadracie 0
sudoku.model.SudokuBoard@7093bd42[
  size=9
  solver=sudoku.model.BacktrackingSudokuSolver@aaed00
  board={{7,1,8,9,2,3,4,6,5},{2,3,6,8,4,5,9,1,7},{9,4,5,1,6,7,2,3,8},{5,6,7,2,8,9,1,4,3},{1,8,9,5,3,4,7,2,6},{3,2,4,6,7,1,5,8,9},{8,5,1,3,9,2,6,7,4},{6,9,2,7,1,0,0,0,0},{0,0,0,0,0,0,0,0,0}}
]
4313 [JavaFX Application Thread] INFO  sudoku.model.SudokuBoard - Wartość 0 wstawiona nieprawidłowo
4314 [JavaFX Application Thread] INFO  sudoku.model.SudokuBoard - Bład w kwadracie 0
sudoku.model.SudokuBoard@7093bd42[
  size=9
  solver=sudoku.model.BacktrackingSudokuSolver@aaed00
  board={{7,1,8,9,2,3,4,6,5},{2,3,6,8,4,5,9,1,7},{9,4,5,1,6,7,2,3,8},{5,6,7,2,8,9,1,4,3},{1,8,9,5,3,4,7,2,6},{3,2,4,6,7,1,5,8,9},{8,5,1,3,9,2,6,7,4},{6,9,2,7,0,0,0,0,0},{0,0,0,0,0,0,0,0,0}}
]
4314 [JavaFX Application Thread] INFO  sudoku.model.SudokuBoard - Wartość 0 wstawiona nieprawidłowo
4314 [JavaFX Application Thread] INFO  sudoku.model.SudokuBoard - Bład w kwadracie 0
sudoku.model.SudokuBoard@7093bd42[
  size=9
  solver=sudoku.model.BacktrackingSudokuSolver@aaed00
  board={{7,1,8,9,2,3,4,6,5},{2,3,6,8,4,5,9,1,7},{9,4,5,1,6,7,2,3,8},{5,6,7,2,8,9,1,4,3},{1,8,9,5,3,4,7,2,6},{3,2,4,6,7,1,5,8,9},{8,5,1,3,9,2,6,7,4},{6,9,2,0,0,0,0,0,0},{0,0,0,0,0,0,0,0,0}}
]
4314 [JavaFX Application Thread] INFO  sudoku.model.SudokuBoard - Wartość 0 wstawiona nieprawidłowo
4315 [JavaFX Application Thread] INFO  sudoku.model.SudokuBoard - Bład w kwadracie 0
sudoku.model.SudokuBoard@7093bd42[
  size=9
  solver=sudoku.model.BacktrackingSudokuSolver@aaed00
  board={{7,1,8,9,2,3,4,6,5},{2,3,6,8,4,5,9,1,7},{9,4,5,1,6,7,2,3,8},{5,6,7,2,8,9,1,4,3},{1,8,9,5,3,4,7,2,6},{3,2,4,6,7,1,5,8,9},{8,5,1,3,9,2,6,7,4},{6,9,2,4,1,8,3,0,0},{0,0,0,0,0,0,0,0,0}}
]
4315 [JavaFX Application Thread] INFO  sudoku.model.SudokuBoard - Wartość 0 wstawiona nieprawidłowo
4315 [JavaFX Application Thread] INFO  sudoku.model.SudokuBoard - Bład w kwadracie 0
sudoku.model.SudokuBoard@7093bd42[
  size=9
  solver=sudoku.model.BacktrackingSudokuSolver@aaed00
  board={{7,1,8,9,2,3,4,6,5},{2,3,6,8,4,5,9,1,7},{9,4,5,1,6,7,2,3,8},{5,6,7,2,8,9,1,4,3},{1,8,9,5,3,4,7,2,6},{3,2,4,6,7,1,5,8,9},{8,5,1,3,9,2,6,7,4},{6,9,2,4,1,8,0,0,0},{0,0,0,0,0,0,0,0,0}}
]
4315 [JavaFX Application Thread] INFO  sudoku.model.SudokuBoard - Wartość 0 wstawiona nieprawidłowo
4316 [JavaFX Application Thread] INFO  sudoku.model.SudokuBoard - Bład w kwadracie 0
sudoku.model.SudokuBoard@7093bd42[
  size=9
  solver=sudoku.model.BacktrackingSudokuSolver@aaed00
  board={{7,1,8,9,2,3,4,6,5},{2,3,6,8,4,5,9,1,7},{9,4,5,1,6,7,2,3,8},{5,6,7,2,8,9,1,4,3},{1,8,9,5,3,4,7,2,6},{3,2,4,6,7,1,5,8,9},{8,5,1,3,9,2,6,7,4},{6,9,2,4,1,0,0,0,0},{0,0,0,0,0,0,0,0,0}}
]
4316 [JavaFX Application Thread] INFO  sudoku.model.SudokuBoard - Wartość 0 wstawiona nieprawidłowo
4316 [JavaFX Application Thread] INFO  sudoku.model.SudokuBoard - Bład w kwadracie 0
sudoku.model.SudokuBoard@7093bd42[
  size=9
  solver=sudoku.model.BacktrackingSudokuSolver@aaed00
  board={{7,1,8,9,2,3,4,6,5},{2,3,6,8,4,5,9,1,7},{9,4,5,1,6,7,2,3,8},{5,6,7,2,8,9,1,4,3},{1,8,9,5,3,4,7,2,6},{3,2,4,6,7,1,5,8,9},{8,5,1,3,9,2,6,7,4},{6,9,2,4,0,0,0,0,0},{0,0,0,0,0,0,0,0,0}}
]
4316 [JavaFX Application Thread] INFO  sudoku.model.SudokuBoard - Wartość 0 wstawiona nieprawidłowo
4316 [JavaFX Application Thread] INFO  sudoku.model.SudokuBoard - Bład w kwadracie 0
sudoku.model.SudokuBoard@7093bd42[
  size=9
  solver=sudoku.model.BacktrackingSudokuSolver@aaed00
  board={{7,1,8,9,2,3,4,6,5},{2,3,6,8,4,5,9,1,7},{9,4,5,1,6,7,2,3,8},{5,6,7,2,8,9,1,4,3},{1,8,9,5,3,4,7,2,6},{3,2,4,6,7,1,5,8,9},{8,5,1,3,9,2,6,7,4},{6,9,2,4,5,8,0,0,0},{0,0,0,0,0,0,0,0,0}}
]
4316 [JavaFX Application Thread] INFO  sudoku.model.SudokuBoard - Wartość 0 wstawiona nieprawidłowo
4317 [JavaFX Application Thread] INFO  sudoku.model.SudokuBoard - Bład w kwadracie 0
sudoku.model.SudokuBoard@7093bd42[
  size=9
  solver=sudoku.model.BacktrackingSudokuSolver@aaed00
  board={{7,1,8,9,2,3,4,6,5},{2,3,6,8,4,5,9,1,7},{9,4,5,1,6,7,2,3,8},{5,6,7,2,8,9,1,4,3},{1,8,9,5,3,4,7,2,6},{3,2,4,6,7,1,5,8,9},{8,5,1,3,9,2,6,7,4},{6,9,2,4,5,0,0,0,0},{0,0,0,0,0,0,0,0,0}}
]
4317 [JavaFX Application Thread] INFO  sudoku.model.SudokuBoard - Wartość 0 wstawiona nieprawidłowo
4317 [JavaFX Application Thread] INFO  sudoku.model.SudokuBoard - Bład w kwadracie 0
sudoku.model.SudokuBoard@7093bd42[
  size=9
  solver=sudoku.model.BacktrackingSudokuSolver@aaed00
  board={{7,1,8,9,2,3,4,6,5},{2,3,6,8,4,5,9,1,7},{9,4,5,1,6,7,2,3,8},{5,6,7,2,8,9,1,4,3},{1,8,9,5,3,4,7,2,6},{3,2,4,6,7,1,5,8,9},{8,5,1,3,9,2,6,7,4},{6,9,2,4,0,0,0,0,0},{0,0,0,0,0,0,0,0,0}}
]
4317 [JavaFX Application Thread] INFO  sudoku.model.SudokuBoard - Wartość 0 wstawiona nieprawidłowo
4318 [JavaFX Application Thread] INFO  sudoku.model.SudokuBoard - Bład w kwadracie 0
sudoku.model.SudokuBoard@7093bd42[
  size=9
  solver=sudoku.model.BacktrackingSudokuSolver@aaed00
  board={{7,1,8,9,2,3,4,6,5},{2,3,6,8,4,5,9,1,7},{9,4,5,1,6,7,2,3,8},{5,6,7,2,8,9,1,4,3},{1,8,9,5,3,4,7,2,6},{3,2,4,6,7,1,5,8,9},{8,5,1,3,9,2,6,7,4},{6,9,2,0,0,0,0,0,0},{0,0,0,0,0,0,0,0,0}}
]
4318 [JavaFX Application Thread] INFO  sudoku.model.SudokuBoard - Wartość 0 wstawiona nieprawidłowo
4318 [JavaFX Application Thread] INFO  sudoku.model.SudokuBoard - Bład w kwadracie 0
sudoku.model.SudokuBoard@7093bd42[
  size=9
  solver=sudoku.model.BacktrackingSudokuSolver@aaed00
  board={{7,1,8,9,2,3,4,6,5},{2,3,6,8,4,5,9,1,7},{9,4,5,1,6,7,2,3,8},{5,6,7,2,8,9,1,4,3},{1,8,9,5,3,4,7,2,6},{3,2,4,6,7,1,5,8,9},{8,5,1,3,9,2,6,7,4},{6,9,0,0,0,0,0,0,0},{0,0,0,0,0,0,0,0,0}}
]
4318 [JavaFX Application Thread] INFO  sudoku.model.SudokuBoard - Wartość 0 wstawiona nieprawidłowo
4318 [JavaFX Application Thread] INFO  sudoku.model.SudokuBoard - Bład w kwadracie 0
sudoku.model.SudokuBoard@7093bd42[
  size=9
  solver=sudoku.model.BacktrackingSudokuSolver@aaed00
  board={{7,1,8,9,2,3,4,6,5},{2,3,6,8,4,5,9,1,7},{9,4,5,1,6,7,2,3,8},{5,6,7,2,8,9,1,4,3},{1,8,9,5,3,4,7,2,6},{3,2,4,6,7,1,5,8,9},{8,5,1,3,9,2,6,7,4},{6,9,3,4,5,0,0,0,0},{0,0,0,0,0,0,0,0,0}}
]
4318 [JavaFX Application Thread] INFO  sudoku.model.SudokuBoard - Wartość 0 wstawiona nieprawidłowo
4319 [JavaFX Application Thread] INFO  sudoku.model.SudokuBoard - Bład w kwadracie 0
sudoku.model.SudokuBoard@7093bd42[
  size=9
  solver=sudoku.model.BacktrackingSudokuSolver@aaed00
  board={{7,1,8,9,2,3,4,6,5},{2,3,6,8,4,5,9,1,7},{9,4,5,1,6,7,2,3,8},{5,6,7,2,8,9,1,4,3},{1,8,9,5,3,4,7,2,6},{3,2,4,6,7,1,5,8,9},{8,5,1,3,9,2,6,7,4},{6,9,3,4,0,0,0,0,0},{0,0,0,0,0,0,0,0,0}}
]
4319 [JavaFX Application Thread] INFO  sudoku.model.SudokuBoard - Wartość 0 wstawiona nieprawidłowo
4319 [JavaFX Application Thread] INFO  sudoku.model.SudokuBoard - Bład w kwadracie 0
sudoku.model.SudokuBoard@7093bd42[
  size=9
  solver=sudoku.model.BacktrackingSudokuSolver@aaed00
  board={{7,1,8,9,2,3,4,6,5},{2,3,6,8,4,5,9,1,7},{9,4,5,1,6,7,2,3,8},{5,6,7,2,8,9,1,4,3},{1,8,9,5,3,4,7,2,6},{3,2,4,6,7,1,5,8,9},{8,5,1,3,9,2,6,7,4},{6,9,3,4,1,0,0,0,0},{0,0,0,0,0,0,0,0,0}}
]
4319 [JavaFX Application Thread] INFO  sudoku.model.SudokuBoard - Wartość 0 wstawiona nieprawidłowo
4320 [JavaFX Application Thread] INFO  sudoku.model.SudokuBoard - Bład w kwadracie 0
sudoku.model.SudokuBoard@7093bd42[
  size=9
  solver=sudoku.model.BacktrackingSudokuSolver@aaed00
  board={{7,1,8,9,2,3,4,6,5},{2,3,6,8,4,5,9,1,7},{9,4,5,1,6,7,2,3,8},{5,6,7,2,8,9,1,4,3},{1,8,9,5,3,4,7,2,6},{3,2,4,6,7,1,5,8,9},{8,5,1,3,9,2,6,7,4},{6,9,3,4,0,0,0,0,0},{0,0,0,0,0,0,0,0,0}}
]
4320 [JavaFX Application Thread] INFO  sudoku.model.SudokuBoard - Wartość 0 wstawiona nieprawidłowo
4320 [JavaFX Application Thread] INFO  sudoku.model.SudokuBoard - Bład w kwadracie 0
sudoku.model.SudokuBoard@7093bd42[
  size=9
  solver=sudoku.model.BacktrackingSudokuSolver@aaed00
  board={{7,1,8,9,2,3,4,6,5},{2,3,6,8,4,5,9,1,7},{9,4,5,1,6,7,2,3,8},{5,6,7,2,8,9,1,4,3},{1,8,9,5,3,4,7,2,6},{3,2,4,6,7,1,5,8,9},{8,5,1,3,9,2,6,7,4},{6,9,3,0,0,0,0,0,0},{0,0,0,0,0,0,0,0,0}}
]
4320 [JavaFX Application Thread] INFO  sudoku.model.SudokuBoard - Wartość 0 wstawiona nieprawidłowo
4320 [JavaFX Application Thread] INFO  sudoku.model.SudokuBoard - Bład w kwadracie 0
sudoku.model.SudokuBoard@7093bd42[
  size=9
  solver=sudoku.model.BacktrackingSudokuSolver@aaed00
  board={{7,1,8,9,2,3,4,6,5},{2,3,6,8,4,5,9,1,7},{9,4,5,1,6,7,2,3,8},{5,6,7,2,8,9,1,4,3},{1,8,9,5,3,4,7,2,6},{3,2,4,6,7,1,5,8,9},{8,5,1,3,9,2,6,7,4},{6,9,3,7,5,0,0,0,0},{0,0,0,0,0,0,0,0,0}}
]
4320 [JavaFX Application Thread] INFO  sudoku.model.SudokuBoard - Wartość 0 wstawiona nieprawidłowo
4321 [JavaFX Application Thread] INFO  sudoku.model.SudokuBoard - Bład w kwadracie 0
sudoku.model.SudokuBoard@7093bd42[
  size=9
  solver=sudoku.model.BacktrackingSudokuSolver@aaed00
  board={{7,1,8,9,2,3,4,6,5},{2,3,6,8,4,5,9,1,7},{9,4,5,1,6,7,2,3,8},{5,6,7,2,8,9,1,4,3},{1,8,9,5,3,4,7,2,6},{3,2,4,6,7,1,5,8,9},{8,5,1,3,9,2,6,7,4},{6,9,3,7,0,0,0,0,0},{0,0,0,0,0,0,0,0,0}}
]
4321 [JavaFX Application Thread] INFO  sudoku.model.SudokuBoard - Wartość 0 wstawiona nieprawidłowo
4321 [JavaFX Application Thread] INFO  sudoku.model.SudokuBoard - Bład w kwadracie 0
sudoku.model.SudokuBoard@7093bd42[
  size=9
  solver=sudoku.model.BacktrackingSudokuSolver@aaed00
  board={{7,1,8,9,2,3,4,6,5},{2,3,6,8,4,5,9,1,7},{9,4,5,1,6,7,2,3,8},{5,6,7,2,8,9,1,4,3},{1,8,9,5,3,4,7,2,6},{3,2,4,6,7,1,5,8,9},{8,5,1,3,9,2,6,7,4},{6,9,3,7,1,0,0,0,0},{0,0,0,0,0,0,0,0,0}}
]
4321 [JavaFX Application Thread] INFO  sudoku.model.SudokuBoard - Wartość 0 wstawiona nieprawidłowo
4321 [JavaFX Application Thread] INFO  sudoku.model.SudokuBoard - Bład w kwadracie 0
sudoku.model.SudokuBoard@7093bd42[
  size=9
  solver=sudoku.model.BacktrackingSudokuSolver@aaed00
  board={{7,1,8,9,2,3,4,6,5},{2,3,6,8,4,5,9,1,7},{9,4,5,1,6,7,2,3,8},{5,6,7,2,8,9,1,4,3},{1,8,9,5,3,4,7,2,6},{3,2,4,6,7,1,5,8,9},{8,5,1,3,9,2,6,7,4},{6,9,3,7,0,0,0,0,0},{0,0,0,0,0,0,0,0,0}}
]
4322 [JavaFX Application Thread] INFO  sudoku.model.SudokuBoard - Wartość 0 wstawiona nieprawidłowo
4322 [JavaFX Application Thread] INFO  sudoku.model.SudokuBoard - Bład w kwadracie 0
sudoku.model.SudokuBoard@7093bd42[
  size=9
  solver=sudoku.model.BacktrackingSudokuSolver@aaed00
  board={{7,1,8,9,2,3,4,6,5},{2,3,6,8,4,5,9,1,7},{9,4,5,1,6,7,2,3,8},{5,6,7,2,8,9,1,4,3},{1,8,9,5,3,4,7,2,6},{3,2,4,6,7,1,5,8,9},{8,5,1,3,9,2,6,7,4},{6,9,3,0,0,0,0,0,0},{0,0,0,0,0,0,0,0,0}}
]
4322 [JavaFX Application Thread] INFO  sudoku.model.SudokuBoard - Wartość 0 wstawiona nieprawidłowo
4322 [JavaFX Application Thread] INFO  sudoku.model.SudokuBoard - Bład w kwadracie 0
sudoku.model.SudokuBoard@7093bd42[
  size=9
  solver=sudoku.model.BacktrackingSudokuSolver@aaed00
  board={{7,1,8,9,2,3,4,6,5},{2,3,6,8,4,5,9,1,7},{9,4,5,1,6,7,2,3,8},{5,6,7,2,8,9,1,4,3},{1,8,9,5,3,4,7,2,6},{3,2,4,6,7,1,5,8,9},{8,5,1,3,9,2,6,7,4},{6,9,0,0,0,0,0,0,0},{0,0,0,0,0,0,0,0,0}}
]
4322 [JavaFX Application Thread] INFO  sudoku.model.SudokuBoard - Wartość 0 wstawiona nieprawidłowo
4322 [JavaFX Application Thread] INFO  sudoku.model.SudokuBoard - Bład w kwadracie 0
sudoku.model.SudokuBoard@7093bd42[
  size=9
  solver=sudoku.model.BacktrackingSudokuSolver@aaed00
  board={{7,1,8,9,2,3,4,6,5},{2,3,6,8,4,5,9,1,7},{9,4,5,1,6,7,2,3,8},{5,6,7,2,8,9,1,4,3},{1,8,9,5,3,4,7,2,6},{3,2,4,6,7,1,5,8,9},{8,5,1,3,9,2,6,7,4},{6,0,0,0,0,0,0,0,0},{0,0,0,0,0,0,0,0,0}}
]
4323 [JavaFX Application Thread] INFO  sudoku.model.SudokuBoard - Wartość 0 wstawiona nieprawidłowo
4323 [JavaFX Application Thread] INFO  sudoku.model.SudokuBoard - Bład w kwadracie 0
sudoku.model.SudokuBoard@7093bd42[
  size=9
  solver=sudoku.model.BacktrackingSudokuSolver@aaed00
  board={{7,1,8,9,2,3,4,6,5},{2,3,6,8,4,5,9,1,7},{9,4,5,1,6,7,2,3,8},{5,6,7,2,8,9,1,4,3},{1,8,9,5,3,4,7,2,6},{3,2,4,6,7,1,5,8,9},{8,5,1,3,9,2,6,7,4},{6,7,2,4,1,8,3,0,0},{0,0,0,0,0,0,0,0,0}}
]
4323 [JavaFX Application Thread] INFO  sudoku.model.SudokuBoard - Wartość 0 wstawiona nieprawidłowo
4323 [JavaFX Application Thread] INFO  sudoku.model.SudokuBoard - Bład w kwadracie 0
sudoku.model.SudokuBoard@7093bd42[
  size=9
  solver=sudoku.model.BacktrackingSudokuSolver@aaed00
  board={{7,1,8,9,2,3,4,6,5},{2,3,6,8,4,5,9,1,7},{9,4,5,1,6,7,2,3,8},{5,6,7,2,8,9,1,4,3},{1,8,9,5,3,4,7,2,6},{3,2,4,6,7,1,5,8,9},{8,5,1,3,9,2,6,7,4},{6,7,2,4,1,8,3,0,0},{0,0,0,0,0,0,0,0,0}}
]
4323 [JavaFX Application Thread] INFO  sudoku.model.SudokuBoard - Wartość 0 wstawiona nieprawidłowo
4324 [JavaFX Application Thread] INFO  sudoku.model.SudokuBoard - Bład w kwadracie 0
sudoku.model.SudokuBoard@7093bd42[
  size=9
  solver=sudoku.model.BacktrackingSudokuSolver@aaed00
  board={{7,1,8,9,2,3,4,6,5},{2,3,6,8,4,5,9,1,7},{9,4,5,1,6,7,2,3,8},{5,6,7,2,8,9,1,4,3},{1,8,9,5,3,4,7,2,6},{3,2,4,6,7,1,5,8,9},{8,5,1,3,9,2,6,7,4},{6,7,2,4,1,8,0,0,0},{0,0,0,0,0,0,0,0,0}}
]
4324 [JavaFX Application Thread] INFO  sudoku.model.SudokuBoard - Wartość 0 wstawiona nieprawidłowo
4324 [JavaFX Application Thread] INFO  sudoku.model.SudokuBoard - Bład w kwadracie 0
sudoku.model.SudokuBoard@7093bd42[
  size=9
  solver=sudoku.model.BacktrackingSudokuSolver@aaed00
  board={{7,1,8,9,2,3,4,6,5},{2,3,6,8,4,5,9,1,7},{9,4,5,1,6,7,2,3,8},{5,6,7,2,8,9,1,4,3},{1,8,9,5,3,4,7,2,6},{3,2,4,6,7,1,5,8,9},{8,5,1,3,9,2,6,7,4},{6,7,2,4,1,0,0,0,0},{0,0,0,0,0,0,0,0,0}}
]
4324 [JavaFX Application Thread] INFO  sudoku.model.SudokuBoard - Wartość 0 wstawiona nieprawidłowo
4324 [JavaFX Application Thread] INFO  sudoku.model.SudokuBoard - Bład w kwadracie 0
sudoku.model.SudokuBoard@7093bd42[
  size=9
  solver=sudoku.model.BacktrackingSudokuSolver@aaed00
  board={{7,1,8,9,2,3,4,6,5},{2,3,6,8,4,5,9,1,7},{9,4,5,1,6,7,2,3,8},{5,6,7,2,8,9,1,4,3},{1,8,9,5,3,4,7,2,6},{3,2,4,6,7,1,5,8,9},{8,5,1,3,9,2,6,7,4},{6,7,2,4,0,0,0,0,0},{0,0,0,0,0,0,0,0,0}}
]
4324 [JavaFX Application Thread] INFO  sudoku.model.SudokuBoard - Wartość 0 wstawiona nieprawidłowo
4327 [JavaFX Application Thread] INFO  sudoku.model.SudokuBoard - Bład w kwadracie 3
sudoku.model.SudokuBoard@7093bd42[
  size=9
  solver=sudoku.model.BacktrackingSudokuSolver@aaed00
  board={{7,1,8,9,2,3,4,6,5},{2,3,6,8,4,5,9,1,7},{9,4,5,1,6,7,2,3,8},{5,6,7,2,8,9,1,4,3},{1,8,9,0,3,4,7,2,6},{3,2,4,6,7,1,5,8,9},{8,5,1,3,9,2,6,7,4},{6,7,2,4,5,8,3,9,1},{4,9,3,7,1,6,8,5,2}}
]
4327 [JavaFX Application Thread] INFO  sudoku.model.SudokuBoard - Wartość 0 wstawiona nieprawidłowo
4327 [JavaFX Application Thread] INFO  sudoku.model.SudokuBoard - Bład w kwadracie 3
sudoku.model.SudokuBoard@7093bd42[
  size=9
  solver=sudoku.model.BacktrackingSudokuSolver@aaed00
  board={{7,1,8,9,2,3,4,6,5},{2,3,6,8,4,5,9,1,7},{9,4,5,1,6,7,2,3,8},{5,6,7,2,8,9,1,4,3},{1,8,9,0,3,4,0,2,6},{3,2,4,6,7,1,5,8,9},{8,5,1,3,9,2,6,7,4},{6,7,2,4,5,8,3,9,1},{4,9,3,7,1,6,8,5,2}}
]
4327 [JavaFX Application Thread] INFO  sudoku.model.SudokuBoard - Wartość 0 wstawiona nieprawidłowo
4328 [JavaFX Application Thread] INFO  sudoku.model.SudokuBoard - Bład w kwadracie 3
sudoku.model.SudokuBoard@7093bd42[
  size=9
  solver=sudoku.model.BacktrackingSudokuSolver@aaed00
  board={{7,1,8,9,2,3,4,6,5},{2,3,6,8,4,5,9,1,7},{9,4,5,1,6,7,2,3,8},{5,6,7,2,8,9,1,4,3},{1,8,9,0,3,4,0,0,6},{3,2,4,6,7,1,5,8,9},{8,5,1,3,9,2,6,7,4},{6,7,2,4,5,8,3,9,1},{4,9,3,7,1,6,8,5,2}}
]
4328 [JavaFX Application Thread] INFO  sudoku.model.SudokuBoard - Wartość 0 wstawiona nieprawidłowo
4328 [JavaFX Application Thread] INFO  sudoku.model.SudokuBoard - Bład w kwadracie 3
sudoku.model.SudokuBoard@7093bd42[
  size=9
  solver=sudoku.model.BacktrackingSudokuSolver@aaed00
  board={{7,1,8,9,2,3,4,6,5},{2,3,6,8,4,5,9,1,7},{9,4,5,1,6,7,2,3,8},{5,6,7,2,8,9,1,4,3},{1,8,9,0,3,4,0,0,0},{3,2,4,6,7,1,5,8,9},{8,5,1,3,9,2,6,7,4},{6,7,2,4,5,8,3,9,1},{4,9,3,7,1,6,8,5,2}}
]
4328 [JavaFX Application Thread] INFO  sudoku.model.SudokuBoard - Wartość 0 wstawiona nieprawidłowo
4328 [JavaFX Application Thread] INFO  sudoku.model.SudokuBoard - Bład w kwadracie 0
sudoku.model.SudokuBoard@7093bd42[
  size=9
  solver=sudoku.model.BacktrackingSudokuSolver@aaed00
  board={{7,1,8,9,2,3,4,6,5},{2,0,6,8,4,5,9,1,7},{9,4,5,1,6,7,2,3,8},{5,6,7,2,8,9,1,4,3},{1,8,9,0,3,4,0,0,0},{3,2,4,6,7,1,5,8,9},{8,5,1,3,9,2,6,7,4},{6,7,2,4,5,8,3,9,1},{4,9,3,7,1,6,8,5,2}}
]
4328 [JavaFX Application Thread] INFO  sudoku.model.SudokuBoard - Wartość 0 wstawiona nieprawidłowo
4329 [JavaFX Application Thread] INFO  sudoku.model.SudokuBoard - Bład w kwadracie 0
sudoku.model.SudokuBoard@7093bd42[
  size=9
  solver=sudoku.model.BacktrackingSudokuSolver@aaed00
  board={{7,1,8,9,2,3,4,6,5},{2,0,6,0,4,5,9,1,7},{9,4,5,1,6,7,2,3,8},{5,6,7,2,8,9,1,4,3},{1,8,9,0,3,4,0,0,0},{3,2,4,6,7,1,5,8,9},{8,5,1,3,9,2,6,7,4},{6,7,2,4,5,8,3,9,1},{4,9,3,7,1,6,8,5,2}}
]
4329 [JavaFX Application Thread] INFO  sudoku.model.SudokuBoard - Wartość 0 wstawiona nieprawidłowo
4329 [JavaFX Application Thread] INFO  sudoku.model.SudokuBoard - Bład w kwadracie 0
sudoku.model.SudokuBoard@7093bd42[
  size=9
  solver=sudoku.model.BacktrackingSudokuSolver@aaed00
  board={{7,1,8,9,2,3,4,6,5},{2,0,6,0,4,5,9,1,7},{9,4,5,1,6,7,2,3,8},{5,6,7,2,8,9,1,4,3},{1,8,9,0,3,4,0,0,0},{3,2,4,6,7,1,5,8,9},{8,5,1,3,9,2,6,7,4},{6,7,2,4,5,8,3,9,1},{0,9,3,7,1,6,8,5,2}}
]
4329 [JavaFX Application Thread] INFO  sudoku.model.SudokuBoard - Wartość 0 wstawiona nieprawidłowo
4330 [JavaFX Application Thread] INFO  sudoku.model.SudokuBoard - Bład w kwadracie 0
sudoku.model.SudokuBoard@7093bd42[
  size=9
  solver=sudoku.model.BacktrackingSudokuSolver@aaed00
  board={{7,1,8,9,2,3,4,6,5},{2,0,6,0,4,5,9,1,7},{9,4,5,1,6,7,2,3,8},{5,6,7,2,8,9,1,4,3},{1,8,9,0,3,4,0,0,0},{3,2,4,6,7,1,5,8,9},{8,5,1,3,9,2,6,7,4},{6,7,2,4,5,8,3,9,1},{0,0,3,7,1,6,8,5,2}}
]
4330 [JavaFX Application Thread] INFO  sudoku.model.SudokuBoard - Wartość 0 wstawiona nieprawidłowo
4330 [JavaFX Application Thread] INFO  sudoku.model.SudokuBoard - Bład w kwadracie 0
sudoku.model.SudokuBoard@7093bd42[
  size=9
  solver=sudoku.model.BacktrackingSudokuSolver@aaed00
  board={{7,1,8,9,2,3,4,6,5},{2,0,6,0,4,0,9,1,7},{9,4,5,1,6,7,2,3,8},{5,6,7,2,8,9,1,4,3},{1,8,9,0,3,4,0,0,0},{3,2,4,6,7,1,5,8,9},{8,5,1,3,9,2,6,7,4},{6,7,2,4,5,8,3,9,1},{0,0,3,7,1,6,8,5,2}}
]
4330 [JavaFX Application Thread] INFO  sudoku.model.SudokuBoard - Wartość 0 wstawiona nieprawidłowo
4330 [JavaFX Application Thread] INFO  sudoku.model.SudokuBoard - Bład w kwadracie 0
sudoku.model.SudokuBoard@7093bd42[
  size=9
  solver=sudoku.model.BacktrackingSudokuSolver@aaed00
  board={{7,1,8,9,2,3,4,6,5},{2,0,6,0,4,0,9,1,7},{9,4,5,1,6,7,2,3,8},{5,6,7,2,8,9,1,4,3},{1,8,9,0,3,4,0,0,0},{3,2,4,6,7,1,5,8,9},{8,5,1,3,9,2,6,7,4},{6,7,2,4,5,8,3,9,1},{0,0,3,0,1,6,8,5,2}}
]
4330 [JavaFX Application Thread] INFO  sudoku.model.SudokuBoard - Wartość 0 wstawiona nieprawidłowo
4331 [JavaFX Application Thread] INFO  sudoku.model.SudokuBoard - Bład w kwadracie 0
sudoku.model.SudokuBoard@7093bd42[
  size=9
  solver=sudoku.model.BacktrackingSudokuSolver@aaed00
  board={{7,1,8,9,2,3,4,6,5},{2,0,6,0,4,0,9,0,7},{9,4,5,1,6,7,2,3,8},{5,6,7,2,8,9,1,4,3},{1,8,9,0,3,4,0,0,0},{3,2,4,6,7,1,5,8,9},{8,5,1,3,9,2,6,7,4},{6,7,2,4,5,8,3,9,1},{0,0,3,0,1,6,8,5,2}}
]
4331 [JavaFX Application Thread] INFO  sudoku.model.SudokuBoard - Wartość 0 wstawiona nieprawidłowo
4331 [JavaFX Application Thread] INFO  sudoku.model.SudokuBoard - Bład w kwadracie 0
sudoku.model.SudokuBoard@7093bd42[
  size=9
  solver=sudoku.model.BacktrackingSudokuSolver@aaed00
  board={{7,1,8,9,2,3,4,6,5},{2,0,6,0,4,0,9,0,7},{9,4,5,1,6,7,2,3,8},{5,6,7,2,8,9,1,4,3},{1,8,9,0,3,4,0,0,0},{3,2,4,6,7,1,5,8,9},{8,5,1,3,9,2,6,7,4},{6,7,2,4,5,8,3,9,1},{0,0,3,0,0,6,8,5,2}}
]
4331 [JavaFX Application Thread] INFO  sudoku.model.SudokuBoard - Wartość 0 wstawiona nieprawidłowo
4331 [JavaFX Application Thread] INFO  sudoku.model.SudokuBoard - Bład w kwadracie 0
sudoku.model.SudokuBoard@7093bd42[
  size=9
  solver=sudoku.model.BacktrackingSudokuSolver@aaed00
  board={{7,1,8,9,2,3,4,6,5},{2,0,6,0,4,0,9,0,0},{9,4,5,1,6,7,2,3,8},{5,6,7,2,8,9,1,4,3},{1,8,9,0,3,4,0,0,0},{3,2,4,6,7,1,5,8,9},{8,5,1,3,9,2,6,7,4},{6,7,2,4,5,8,3,9,1},{0,0,3,0,0,6,8,5,2}}
]
4331 [JavaFX Application Thread] INFO  sudoku.model.SudokuBoard - Wartość 0 wstawiona nieprawidłowo
4332 [JavaFX Application Thread] INFO  sudoku.model.SudokuBoard - Bład w kwadracie 0
sudoku.model.SudokuBoard@7093bd42[
  size=9
  solver=sudoku.model.BacktrackingSudokuSolver@aaed00
  board={{7,1,8,9,2,3,4,6,5},{2,0,6,0,4,0,9,0,0},{9,4,5,1,6,7,2,3,8},{5,6,7,2,8,9,1,4,3},{1,8,9,0,3,4,0,0,0},{3,2,4,6,7,1,5,8,9},{8,5,1,3,9,2,6,7,4},{6,7,2,4,5,8,3,9,1},{0,0,3,0,0,6,8,0,2}}
]
4332 [JavaFX Application Thread] INFO  sudoku.model.SudokuBoard - Wartość 0 wstawiona nieprawidłowo
4332 [JavaFX Application Thread] INFO  sudoku.model.SudokuBoard - Bład w kwadracie 0
sudoku.model.SudokuBoard@7093bd42[
  size=9
  solver=sudoku.model.BacktrackingSudokuSolver@aaed00
  board={{7,1,8,9,2,3,4,6,5},{2,0,6,0,4,0,9,0,0},{9,4,5,1,6,7,2,3,8},{5,6,7,2,8,9,1,4,3},{1,8,9,0,3,4,0,0,0},{0,2,4,6,7,1,5,8,9},{8,5,1,3,9,2,6,7,4},{6,7,2,4,5,8,3,9,1},{0,0,3,0,0,6,8,0,2}}
]
4332 [JavaFX Application Thread] INFO  sudoku.model.SudokuBoard - Wartość 0 wstawiona nieprawidłowo
4332 [JavaFX Application Thread] INFO  sudoku.model.SudokuBoard - Bład w kwadracie 0
sudoku.model.SudokuBoard@7093bd42[
  size=9
  solver=sudoku.model.BacktrackingSudokuSolver@aaed00
  board={{7,1,8,9,2,3,4,6,5},{2,0,6,0,4,0,9,0,0},{9,4,5,1,6,7,2,3,8},{5,6,7,2,8,9,1,4,3},{1,8,9,0,3,4,0,0,0},{0,2,0,6,7,1,5,8,9},{8,5,1,3,9,2,6,7,4},{6,7,2,4,5,8,3,9,1},{0,0,3,0,0,6,8,0,2}}
]
4332 [JavaFX Application Thread] INFO  sudoku.model.SudokuBoard - Wartość 0 wstawiona nieprawidłowo
4333 [JavaFX Application Thread] INFO  sudoku.model.SudokuBoard - Bład w kwadracie 0
sudoku.model.SudokuBoard@7093bd42[
  size=9
  solver=sudoku.model.BacktrackingSudokuSolver@aaed00
  board={{7,1,8,9,2,3,4,6,5},{2,0,6,0,4,0,9,0,0},{9,4,5,1,6,7,2,3,8},{5,6,7,2,8,9,1,4,3},{1,8,9,0,3,4,0,0,0},{0,2,0,0,7,1,5,8,9},{8,5,1,3,9,2,6,7,4},{6,7,2,4,5,8,3,9,1},{0,0,3,0,0,6,8,0,2}}
]
4333 [JavaFX Application Thread] INFO  sudoku.model.SudokuBoard - Wartość 0 wstawiona nieprawidłowo
4333 [JavaFX Application Thread] INFO  sudoku.model.SudokuBoard - Bład w kwadracie 0
sudoku.model.SudokuBoard@7093bd42[
  size=9
  solver=sudoku.model.BacktrackingSudokuSolver@aaed00
  board={{7,1,8,9,2,3,4,6,5},{2,0,6,0,4,0,9,0,0},{9,4,5,1,6,7,2,3,8},{5,6,7,2,8,9,1,4,3},{1,8,9,0,3,4,0,0,0},{0,2,0,0,0,1,5,8,9},{8,5,1,3,9,2,6,7,4},{6,7,2,4,5,8,3,9,1},{0,0,3,0,0,6,8,0,2}}
]
4333 [JavaFX Application Thread] INFO  sudoku.model.SudokuBoard - Wartość 0 wstawiona nieprawidłowo
4333 [JavaFX Application Thread] INFO  sudoku.model.SudokuBoard - Bład w kwadracie 0
sudoku.model.SudokuBoard@7093bd42[
  size=9
  solver=sudoku.model.BacktrackingSudokuSolver@aaed00
  board={{7,1,8,9,2,3,4,6,5},{2,0,6,0,4,0,9,0,0},{9,4,5,1,6,7,2,3,8},{5,6,7,2,8,9,1,4,3},{1,8,9,0,3,4,0,0,0},{0,2,0,0,0,0,5,8,9},{8,5,1,3,9,2,6,7,4},{6,7,2,4,5,8,3,9,1},{0,0,3,0,0,6,8,0,2}}
]
4333 [JavaFX Application Thread] INFO  sudoku.model.SudokuBoard - Wartość 0 wstawiona nieprawidłowo
4334 [JavaFX Application Thread] INFO  sudoku.model.SudokuBoard - Bład w kwadracie 0
sudoku.model.SudokuBoard@7093bd42[
  size=9
  solver=sudoku.model.BacktrackingSudokuSolver@aaed00
  board={{7,1,8,9,2,3,4,6,5},{2,0,6,0,4,0,9,0,0},{9,4,5,1,6,7,2,3,8},{5,6,7,2,8,9,1,4,3},{1,8,9,0,3,4,0,0,0},{0,2,0,0,0,0,0,8,9},{8,5,1,3,9,2,6,7,4},{6,7,2,4,5,8,3,9,1},{0,0,3,0,0,6,8,0,2}}
]
4334 [JavaFX Application Thread] INFO  sudoku.model.SudokuBoard - Wartość 0 wstawiona nieprawidłowo
4334 [JavaFX Application Thread] INFO  sudoku.model.SudokuBoard - Bład w kwadracie 0
sudoku.model.SudokuBoard@7093bd42[
  size=9
  solver=sudoku.model.BacktrackingSudokuSolver@aaed00
  board={{7,1,8,9,2,3,4,6,5},{2,0,6,0,4,0,9,0,0},{9,4,5,1,6,7,2,3,8},{5,6,7,2,8,9,1,4,3},{1,8,9,0,3,4,0,0,0},{0,2,0,0,0,0,0,0,9},{8,5,1,3,9,2,6,7,4},{6,7,2,4,5,8,3,9,1},{0,0,3,0,0,6,8,0,2}}
]
4334 [JavaFX Application Thread] INFO  sudoku.model.SudokuBoard - Wartość 0 wstawiona nieprawidłowo
4334 [JavaFX Application Thread] INFO  sudoku.model.SudokuBoard - Bład w kwadracie 0
sudoku.model.SudokuBoard@7093bd42[
  size=9
  solver=sudoku.model.BacktrackingSudokuSolver@aaed00
  board={{7,1,8,9,2,3,4,6,5},{2,0,6,0,4,0,9,0,0},{9,4,5,1,6,7,2,3,8},{5,6,7,2,8,9,1,4,3},{1,8,9,0,3,4,0,0,0},{0,2,0,0,0,0,0,0,0},{8,5,1,3,9,2,6,7,4},{6,7,2,4,5,8,3,9,1},{0,0,3,0,0,6,8,0,2}}
]
4334 [JavaFX Application Thread] INFO  sudoku.model.SudokuBoard - Wartość 0 wstawiona nieprawidłowo
4335 [JavaFX Application Thread] INFO  sudoku.model.SudokuBoard - Bład w kwadracie 0
sudoku.model.SudokuBoard@7093bd42[
  size=9
  solver=sudoku.model.BacktrackingSudokuSolver@aaed00
  board={{7,1,8,9,2,3,4,6,5},{2,0,6,0,4,0,9,0,0},{9,0,5,1,6,7,2,3,8},{5,6,7,2,8,9,1,4,3},{1,8,9,0,3,4,0,0,0},{0,2,0,0,0,0,0,0,0},{8,5,1,3,9,2,6,7,4},{6,7,2,4,5,8,3,9,1},{0,0,3,0,0,6,8,0,2}}
]
4335 [JavaFX Application Thread] INFO  sudoku.model.SudokuBoard - Wartość 0 wstawiona nieprawidłowo
4335 [JavaFX Application Thread] INFO  sudoku.model.SudokuBoard - Bład w kwadracie 0
sudoku.model.SudokuBoard@7093bd42[
  size=9
  solver=sudoku.model.BacktrackingSudokuSolver@aaed00
  board={{7,1,8,9,2,3,4,6,5},{2,0,6,0,4,0,9,0,0},{9,0,0,1,6,7,2,3,8},{5,6,7,2,8,9,1,4,3},{1,8,9,0,3,4,0,0,0},{0,2,0,0,0,0,0,0,0},{8,5,1,3,9,2,6,7,4},{6,7,2,4,5,8,3,9,1},{0,0,3,0,0,6,8,0,2}}
]
4335 [JavaFX Application Thread] INFO  sudoku.model.SudokuBoard - Wartość 0 wstawiona nieprawidłowo
4335 [JavaFX Application Thread] INFO  sudoku.model.SudokuBoard - Bład w kwadracie 0
sudoku.model.SudokuBoard@7093bd42[
  size=9
  solver=sudoku.model.BacktrackingSudokuSolver@aaed00
  board={{7,1,8,9,2,3,4,6,5},{2,0,6,0,4,0,9,0,0},{9,0,0,0,6,7,2,3,8},{5,6,7,2,8,9,1,4,3},{1,8,9,0,3,4,0,0,0},{0,2,0,0,0,0,0,0,0},{8,5,1,3,9,2,6,7,4},{6,7,2,4,5,8,3,9,1},{0,0,3,0,0,6,8,0,2}}
]
4335 [JavaFX Application Thread] INFO  sudoku.model.SudokuBoard - Wartość 0 wstawiona nieprawidłowo
4336 [JavaFX Application Thread] INFO  sudoku.model.SudokuBoard - Bład w kwadracie 0
sudoku.model.SudokuBoard@7093bd42[
  size=9
  solver=sudoku.model.BacktrackingSudokuSolver@aaed00
  board={{7,1,8,9,2,3,4,6,5},{2,0,6,0,4,0,9,0,0},{9,0,0,0,6,7,0,3,8},{5,6,7,2,8,9,1,4,3},{1,8,9,0,3,4,0,0,0},{0,2,0,0,0,0,0,0,0},{8,5,1,3,9,2,6,7,4},{6,7,2,4,5,8,3,9,1},{0,0,3,0,0,6,8,0,2}}
]
4336 [JavaFX Application Thread] INFO  sudoku.model.SudokuBoard - Wartość 0 wstawiona nieprawidłowo
4336 [JavaFX Application Thread] INFO  sudoku.model.SudokuBoard - Bład w kwadracie 0
sudoku.model.SudokuBoard@7093bd42[
  size=9
  solver=sudoku.model.BacktrackingSudokuSolver@aaed00
  board={{7,1,8,9,2,3,4,6,5},{2,0,6,0,4,0,9,0,0},{9,0,0,0,6,7,0,0,8},{5,6,7,2,8,9,1,4,3},{1,8,9,0,3,4,0,0,0},{0,2,0,0,0,0,0,0,0},{8,5,1,3,9,2,6,7,4},{6,7,2,4,5,8,3,9,1},{0,0,3,0,0,6,8,0,2}}
]
4336 [JavaFX Application Thread] INFO  sudoku.model.SudokuBoard - Wartość 0 wstawiona nieprawidłowo
4336 [JavaFX Application Thread] INFO  sudoku.model.SudokuBoard - Bład w kwadracie 0
sudoku.model.SudokuBoard@7093bd42[
  size=9
  solver=sudoku.model.BacktrackingSudokuSolver@aaed00
  board={{7,1,8,9,2,3,4,6,5},{2,0,6,0,4,0,9,0,0},{9,0,0,0,6,7,0,0,0},{5,6,7,2,8,9,1,4,3},{1,8,9,0,3,4,0,0,0},{0,2,0,0,0,0,0,0,0},{8,5,1,3,9,2,6,7,4},{6,7,2,4,5,8,3,9,1},{0,0,3,0,0,6,8,0,2}}
]
4336 [JavaFX Application Thread] INFO  sudoku.model.SudokuBoard - Wartość 0 wstawiona nieprawidłowo
4337 [JavaFX Application Thread] INFO  sudoku.model.SudokuBoard - Bład w kwadracie 0
sudoku.model.SudokuBoard@7093bd42[
  size=9
  solver=sudoku.model.BacktrackingSudokuSolver@aaed00
  board={{7,1,8,9,2,3,4,6,5},{2,0,6,0,4,0,9,0,0},{9,0,0,0,6,7,0,0,0},{5,6,7,2,8,9,1,4,3},{1,8,9,0,3,4,0,0,0},{0,2,0,0,0,0,0,0,0},{8,0,1,3,9,2,6,7,4},{6,7,2,4,5,8,3,9,1},{0,0,3,0,0,6,8,0,2}}
]
4337 [JavaFX Application Thread] INFO  sudoku.model.SudokuBoard - Wartość 0 wstawiona nieprawidłowo
4337 [JavaFX Application Thread] INFO  sudoku.model.SudokuBoard - Bład w kwadracie 0
sudoku.model.SudokuBoard@7093bd42[
  size=9
  solver=sudoku.model.BacktrackingSudokuSolver@aaed00
  board={{7,1,8,9,2,3,4,6,5},{2,0,6,0,4,0,9,0,0},{9,0,0,0,6,7,0,0,0},{5,6,7,2,8,9,1,4,3},{1,8,9,0,3,4,0,0,0},{0,2,0,0,0,0,0,0,0},{8,0,0,3,9,2,6,7,4},{6,7,2,4,5,8,3,9,1},{0,0,3,0,0,6,8,0,2}}
]
4337 [JavaFX Application Thread] INFO  sudoku.model.SudokuBoard - Wartość 0 wstawiona nieprawidłowo
4337 [JavaFX Application Thread] INFO  sudoku.model.SudokuBoard - Bład w kwadracie 0
sudoku.model.SudokuBoard@7093bd42[
  size=9
  solver=sudoku.model.BacktrackingSudokuSolver@aaed00
  board={{7,1,8,9,2,3,4,6,5},{2,0,6,0,4,0,9,0,0},{9,0,0,0,6,7,0,0,0},{5,6,7,2,8,9,1,4,3},{1,8,9,0,3,4,0,0,0},{0,2,0,0,0,0,0,0,0},{8,0,0,0,9,2,6,7,4},{6,7,2,4,5,8,3,9,1},{0,0,3,0,0,6,8,0,2}}
]
4337 [JavaFX Application Thread] INFO  sudoku.model.SudokuBoard - Wartość 0 wstawiona nieprawidłowo
4338 [JavaFX Application Thread] INFO  sudoku.model.SudokuBoard - Bład w kwadracie 0
sudoku.model.SudokuBoard@7093bd42[
  size=9
  solver=sudoku.model.BacktrackingSudokuSolver@aaed00
  board={{7,1,8,9,2,3,4,6,5},{2,0,6,0,4,0,9,0,0},{9,0,0,0,6,7,0,0,0},{5,6,7,2,8,9,1,4,3},{1,8,9,0,3,4,0,0,0},{0,2,0,0,0,0,0,0,0},{8,0,0,0,9,0,6,7,4},{6,7,2,4,5,8,3,9,1},{0,0,3,0,0,6,8,0,2}}
]
4338 [JavaFX Application Thread] INFO  sudoku.model.SudokuBoard - Wartość 0 wstawiona nieprawidłowo
4338 [JavaFX Application Thread] INFO  sudoku.model.SudokuBoard - Bład w kwadracie 0
sudoku.model.SudokuBoard@7093bd42[
  size=9
  solver=sudoku.model.BacktrackingSudokuSolver@aaed00
  board={{7,1,8,9,2,3,4,6,5},{2,0,6,0,4,0,9,0,0},{9,0,0,0,6,7,0,0,0},{5,6,7,2,8,9,1,4,3},{1,8,9,0,3,4,0,0,0},{0,2,0,0,0,0,0,0,0},{8,0,0,0,9,0,0,7,4},{6,7,2,4,5,8,3,9,1},{0,0,3,0,0,6,8,0,2}}
]
4338 [JavaFX Application Thread] INFO  sudoku.model.SudokuBoard - Wartość 0 wstawiona nieprawidłowo
4338 [JavaFX Application Thread] INFO  sudoku.model.SudokuBoard - Bład w kwadracie 0
sudoku.model.SudokuBoard@7093bd42[
  size=9
  solver=sudoku.model.BacktrackingSudokuSolver@aaed00
  board={{7,1,8,9,2,3,4,6,5},{2,0,6,0,4,0,9,0,0},{9,0,0,0,6,7,0,0,0},{5,6,7,2,8,9,1,4,3},{1,8,9,0,3,4,0,0,0},{0,2,0,0,0,0,0,0,0},{8,0,0,0,9,0,0,0,4},{6,7,2,4,5,8,3,9,1},{0,0,3,0,0,6,8,0,2}}
]
4338 [JavaFX Application Thread] INFO  sudoku.model.SudokuBoard - Wartość 0 wstawiona nieprawidłowo
4339 [JavaFX Application Thread] INFO  sudoku.model.SudokuBoard - Bład w kwadracie 0
sudoku.model.SudokuBoard@7093bd42[
  size=9
  solver=sudoku.model.BacktrackingSudokuSolver@aaed00
  board={{7,1,8,9,2,3,4,6,5},{2,0,6,0,4,0,9,0,0},{9,0,0,0,6,7,0,0,0},{5,0,7,2,8,9,1,4,3},{1,8,9,0,3,4,0,0,0},{0,2,0,0,0,0,0,0,0},{8,0,0,0,9,0,0,0,4},{6,7,2,4,5,8,3,9,1},{0,0,3,0,0,6,8,0,2}}
]
4339 [JavaFX Application Thread] INFO  sudoku.model.SudokuBoard - Wartość 0 wstawiona nieprawidłowo
4339 [JavaFX Application Thread] INFO  sudoku.model.SudokuBoard - Bład w kwadracie 0
sudoku.model.SudokuBoard@7093bd42[
  size=9
  solver=sudoku.model.BacktrackingSudokuSolver@aaed00
  board={{7,1,8,9,2,3,4,6,5},{2,0,6,0,4,0,9,0,0},{9,0,0,0,6,7,0,0,0},{5,0,0,2,8,9,1,4,3},{1,8,9,0,3,4,0,0,0},{0,2,0,0,0,0,0,0,0},{8,0,0,0,9,0,0,0,4},{6,7,2,4,5,8,3,9,1},{0,0,3,0,0,6,8,0,2}}
]
4339 [JavaFX Application Thread] INFO  sudoku.model.SudokuBoard - Wartość 0 wstawiona nieprawidłowo
4339 [JavaFX Application Thread] INFO  sudoku.model.SudokuBoard - Bład w kwadracie 0
sudoku.model.SudokuBoard@7093bd42[
  size=9
  solver=sudoku.model.BacktrackingSudokuSolver@aaed00
  board={{7,1,8,9,2,3,4,6,5},{2,0,6,0,4,0,9,0,0},{9,0,0,0,6,7,0,0,0},{5,0,0,2,0,9,1,4,3},{1,8,9,0,3,4,0,0,0},{0,2,0,0,0,0,0,0,0},{8,0,0,0,9,0,0,0,4},{6,7,2,4,5,8,3,9,1},{0,0,3,0,0,6,8,0,2}}
]
4339 [JavaFX Application Thread] INFO  sudoku.model.SudokuBoard - Wartość 0 wstawiona nieprawidłowo
4340 [JavaFX Application Thread] INFO  sudoku.model.SudokuBoard - Bład w kwadracie 0
sudoku.model.SudokuBoard@7093bd42[
  size=9
  solver=sudoku.model.BacktrackingSudokuSolver@aaed00
  board={{7,1,8,9,2,3,4,6,5},{2,0,6,0,4,0,9,0,0},{9,0,0,0,6,7,0,0,0},{5,0,0,2,0,0,1,4,3},{1,8,9,0,3,4,0,0,0},{0,2,0,0,0,0,0,0,0},{8,0,0,0,9,0,0,0,4},{6,7,2,4,5,8,3,9,1},{0,0,3,0,0,6,8,0,2}}
]
4340 [JavaFX Application Thread] INFO  sudoku.model.SudokuBoard - Wartość 0 wstawiona nieprawidłowo
4340 [JavaFX Application Thread] INFO  sudoku.model.SudokuBoard - Bład w kwadracie 0
sudoku.model.SudokuBoard@7093bd42[
  size=9
  solver=sudoku.model.BacktrackingSudokuSolver@aaed00
  board={{7,1,8,9,2,3,4,6,5},{2,0,6,0,4,0,9,0,0},{9,0,0,0,6,7,0,0,0},{5,0,0,2,0,0,0,4,3},{1,8,9,0,3,4,0,0,0},{0,2,0,0,0,0,0,0,0},{8,0,0,0,9,0,0,0,4},{6,7,2,4,5,8,3,9,1},{0,0,3,0,0,6,8,0,2}}
]
4340 [JavaFX Application Thread] INFO  sudoku.model.SudokuBoard - Wartość 0 wstawiona nieprawidłowo
4340 [JavaFX Application Thread] INFO  sudoku.model.SudokuBoard - Bład w kwadracie 0
sudoku.model.SudokuBoard@7093bd42[
  size=9
  solver=sudoku.model.BacktrackingSudokuSolver@aaed00
  board={{7,1,8,9,2,3,4,6,5},{2,0,6,0,4,0,9,0,0},{9,0,0,0,6,7,0,0,0},{5,0,0,2,0,0,0,0,3},{1,8,9,0,3,4,0,0,0},{0,2,0,0,0,0,0,0,0},{8,0,0,0,9,0,0,0,4},{6,7,2,4,5,8,3,9,1},{0,0,3,0,0,6,8,0,2}}
]
4341 [JavaFX Application Thread] INFO  sudoku.model.SudokuBoard - Wartość 0 wstawiona nieprawidłowo
4341 [JavaFX Application Thread] INFO  sudoku.model.SudokuBoard - Bład w kwadracie 0
sudoku.model.SudokuBoard@7093bd42[
  size=9
  solver=sudoku.model.BacktrackingSudokuSolver@aaed00
  board={{7,1,8,9,2,3,4,6,5},{2,0,6,0,4,0,9,0,0},{9,0,0,0,6,7,0,0,0},{5,0,0,2,0,0,0,0,0},{1,8,9,0,3,4,0,0,0},{0,2,0,0,0,0,0,0,0},{8,0,0,0,9,0,0,0,4},{6,7,2,4,5,8,3,9,1},{0,0,3,0,0,6,8,0,2}}
]
4341 [JavaFX Application Thread] INFO  sudoku.model.SudokuBoard - Wartość 0 wstawiona nieprawidłowo
4341 [JavaFX Application Thread] INFO  sudoku.model.SudokuBoard - Bład w kwadracie 0
sudoku.model.SudokuBoard@7093bd42[
  size=9
  solver=sudoku.model.BacktrackingSudokuSolver@aaed00
  board={{0,1,8,9,2,3,4,6,5},{2,0,6,0,4,0,9,0,0},{9,0,0,0,6,7,0,0,0},{5,0,0,2,0,0,0,0,0},{1,8,9,0,3,4,0,0,0},{0,2,0,0,0,0,0,0,0},{8,0,0,0,9,0,0,0,4},{6,7,2,4,5,8,3,9,1},{0,0,3,0,0,6,8,0,2}}
]
4341 [JavaFX Application Thread] INFO  sudoku.model.SudokuBoard - Wartość 0 wstawiona nieprawidłowo
4342 [JavaFX Application Thread] INFO  sudoku.model.SudokuBoard - Bład w kwadracie 0
sudoku.model.SudokuBoard@7093bd42[
  size=9
  solver=sudoku.model.BacktrackingSudokuSolver@aaed00
  board={{0,1,8,9,0,3,4,6,5},{2,0,6,0,4,0,9,0,0},{9,0,0,0,6,7,0,0,0},{5,0,0,2,0,0,0,0,0},{1,8,9,0,3,4,0,0,0},{0,2,0,0,0,0,0,0,0},{8,0,0,0,9,0,0,0,4},{6,7,2,4,5,8,3,9,1},{0,0,3,0,0,6,8,0,2}}
]
4342 [JavaFX Application Thread] INFO  sudoku.model.SudokuBoard - Wartość 0 wstawiona nieprawidłowo
4342 [JavaFX Application Thread] INFO  sudoku.model.SudokuBoard - Bład w kwadracie 0
sudoku.model.SudokuBoard@7093bd42[
  size=9
  solver=sudoku.model.BacktrackingSudokuSolver@aaed00
  board={{0,1,8,9,0,3,0,6,5},{2,0,6,0,4,0,9,0,0},{9,0,0,0,6,7,0,0,0},{5,0,0,2,0,0,0,0,0},{1,8,9,0,3,4,0,0,0},{0,2,0,0,0,0,0,0,0},{8,0,0,0,9,0,0,0,4},{6,7,2,4,5,8,3,9,1},{0,0,3,0,0,6,8,0,2}}
]
4342 [JavaFX Application Thread] INFO  sudoku.model.SudokuBoard - Wartość 0 wstawiona nieprawidłowo
4342 [JavaFX Application Thread] INFO  sudoku.model.SudokuBoard - Bład w kwadracie 0
sudoku.model.SudokuBoard@7093bd42[
  size=9
  solver=sudoku.model.BacktrackingSudokuSolver@aaed00
  board={{0,1,8,9,0,3,0,0,5},{2,0,6,0,4,0,9,0,0},{9,0,0,0,6,7,0,0,0},{5,0,0,2,0,0,0,0,0},{1,8,9,0,3,4,0,0,0},{0,2,0,0,0,0,0,0,0},{8,0,0,0,9,0,0,0,4},{6,7,2,4,5,8,3,9,1},{0,0,3,0,0,6,8,0,2}}
]
4342 [JavaFX Application Thread] INFO  sudoku.model.SudokuBoard - Wartość 0 wstawiona nieprawidłowo
4343 [JavaFX Application Thread] INFO  sudoku.model.SudokuBoard - Bład w kwadracie 0
sudoku.model.SudokuBoard@7093bd42[
  size=9
  solver=sudoku.model.BacktrackingSudokuSolver@aaed00
  board={{0,1,8,9,0,3,0,0,5},{2,0,6,0,4,0,9,0,0},{9,0,0,0,6,7,0,0,0},{5,0,0,2,0,0,0,0,0},{1,8,9,0,3,4,0,0,0},{0,2,0,0,0,0,0,0,0},{8,0,0,0,9,0,0,0,4},{6,7,2,4,0,8,3,9,1},{0,0,3,0,0,6,8,0,2}}
]
4343 [JavaFX Application Thread] INFO  sudoku.model.SudokuBoard - Wartość 0 wstawiona nieprawidłowo
4343 [JavaFX Application Thread] INFO  sudoku.model.SudokuBoard - Bład w kwadracie 0
sudoku.model.SudokuBoard@7093bd42[
  size=9
  solver=sudoku.model.BacktrackingSudokuSolver@aaed00
  board={{0,1,8,9,0,3,0,0,5},{2,0,6,0,4,0,9,0,0},{9,0,0,0,6,7,0,0,0},{5,0,0,2,0,0,0,0,0},{1,8,9,0,3,4,0,0,0},{0,2,0,0,0,0,0,0,0},{8,0,0,0,9,0,0,0,4},{6,7,2,4,0,0,3,9,1},{0,0,3,0,0,6,8,0,2}}
]
4343 [JavaFX Application Thread] INFO  sudoku.model.SudokuBoard - Wartość 0 wstawiona nieprawidłowo
4343 [JavaFX Application Thread] INFO  sudoku.model.SudokuBoard - Bład w kwadracie 0
sudoku.model.SudokuBoard@7093bd42[
  size=9
  solver=sudoku.model.BacktrackingSudokuSolver@aaed00
  board={{0,1,8,9,0,3,0,0,5},{2,0,6,0,4,0,9,0,0},{9,0,0,0,6,7,0,0,0},{5,0,0,2,0,0,0,0,0},{1,8,9,0,3,4,0,0,0},{0,2,0,0,0,0,0,0,0},{8,0,0,0,9,0,0,0,4},{6,7,2,4,0,0,3,0,1},{0,0,3,0,0,6,8,0,2}}
]
4343 [JavaFX Application Thread] INFO  sudoku.model.SudokuBoard - Wartość 0 wstawiona nieprawidłowo
4344 [JavaFX Application Thread] INFO  sudoku.model.SudokuBoard - Bład w kwadracie 0
sudoku.model.SudokuBoard@7093bd42[
  size=9
  solver=sudoku.model.BacktrackingSudokuSolver@aaed00
  board={{0,1,8,9,0,3,0,0,5},{2,0,6,0,4,0,9,0,0},{9,0,0,0,6,7,0,0,0},{5,0,0,2,0,0,0,0,0},{1,8,9,0,3,4,0,0,0},{0,2,0,0,0,0,0,0,0},{8,0,0,0,9,0,0,0,4},{6,7,2,4,0,0,3,0,0},{0,0,3,0,0,6,8,0,2}}
]
4344 [JavaFX Application Thread] INFO  sudoku.model.SudokuBoard - Wartość 0 wstawiona nieprawidłowo
4344 [JavaFX Application Thread] INFO  sudoku.model.SudokuBoard - Bład w kwadracie 0
sudoku.model.SudokuBoard@7093bd42[
  size=9
  solver=sudoku.model.BacktrackingSudokuSolver@aaed00
  board={{0,1,8,9,0,3,0,0,5},{2,0,6,0,4,0,9,0,0},{9,0,0,0,6,7,0,0,0},{5,0,0,2,0,0,0,0,0},{0,8,9,0,3,4,0,0,0},{0,2,0,0,0,0,0,0,0},{8,0,0,0,9,0,0,0,4},{6,7,2,4,0,0,3,0,0},{0,0,3,0,0,6,8,0,2}}
]
4344 [JavaFX Application Thread] INFO  sudoku.model.SudokuBoard - Wartość 0 wstawiona nieprawidłowo
4344 [JavaFX Application Thread] INFO  sudoku.model.SudokuBoard - Bład w kwadracie 0
sudoku.model.SudokuBoard@7093bd42[
  size=9
  solver=sudoku.model.BacktrackingSudokuSolver@aaed00
  board={{0,1,8,9,0,3,0,0,5},{2,0,6,0,4,0,9,0,0},{9,0,0,0,6,7,0,0,0},{5,0,0,2,0,0,0,0,0},{0,8,0,0,3,4,0,0,0},{0,2,0,0,0,0,0,0,0},{8,0,0,0,9,0,0,0,4},{6,7,2,4,0,0,3,0,0},{0,0,3,0,0,6,8,0,2}}
]
4344 [JavaFX Application Thread] INFO  sudoku.model.SudokuBoard - Wartość 0 wstawiona nieprawidłowo
7448 [JavaFX Application Thread] WARN  sudoku.view.LoadedController - Error saving file
3732 [JavaFX Application Thread] INFO  sudoku.model.SudokuBoard - Bład w kwadracie 0
sudoku.model.SudokuBoard@7b4ae502[
  size=9
  solver=sudoku.model.BacktrackingSudokuSolver@34107a67
  board={{4,5,3,6,7,8,9,2,1},{2,1,9,3,5,4,6,7,8},{6,7,8,9,1,2,4,5,3},{3,4,5,2,6,9,7,0,0},{0,0,0,0,0,0,0,0,0},{0,0,0,0,0,0,0,0,0},{0,0,0,0,0,0,0,0,0},{0,0,0,0,0,0,0,0,0},{0,0,0,0,0,0,0,0,0}}
]
3735 [JavaFX Application Thread] INFO  sudoku.model.SudokuBoard - Wartość 0 wstawiona nieprawidłowo
3736 [JavaFX Application Thread] INFO  sudoku.model.SudokuBoard - Bład w kwadracie 0
sudoku.model.SudokuBoard@7b4ae502[
  size=9
  solver=sudoku.model.BacktrackingSudokuSolver@34107a67
  board={{4,5,3,6,7,8,9,2,1},{2,1,9,3,5,4,6,7,8},{6,7,8,9,1,2,4,5,3},{3,4,5,2,6,9,7,0,0},{0,0,0,0,0,0,0,0,0},{0,0,0,0,0,0,0,0,0},{0,0,0,0,0,0,0,0,0},{0,0,0,0,0,0,0,0,0},{0,0,0,0,0,0,0,0,0}}
]
3737 [JavaFX Application Thread] INFO  sudoku.model.SudokuBoard - Wartość 0 wstawiona nieprawidłowo
3738 [JavaFX Application Thread] INFO  sudoku.model.SudokuBoard - Bład w kwadracie 0
sudoku.model.SudokuBoard@7b4ae502[
  size=9
  solver=sudoku.model.BacktrackingSudokuSolver@34107a67
  board={{4,5,3,6,7,8,9,2,1},{2,1,9,3,5,4,6,7,8},{6,7,8,9,1,2,4,5,3},{3,4,5,2,6,9,0,0,0},{0,0,0,0,0,0,0,0,0},{0,0,0,0,0,0,0,0,0},{0,0,0,0,0,0,0,0,0},{0,0,0,0,0,0,0,0,0},{0,0,0,0,0,0,0,0,0}}
]
3738 [JavaFX Application Thread] INFO  sudoku.model.SudokuBoard - Wartość 0 wstawiona nieprawidłowo
3739 [JavaFX Application Thread] INFO  sudoku.model.SudokuBoard - Bład w kwadracie 0
sudoku.model.SudokuBoard@7b4ae502[
  size=9
  solver=sudoku.model.BacktrackingSudokuSolver@34107a67
  board={{4,5,3,6,7,8,9,2,1},{2,1,9,3,5,4,6,7,8},{6,7,8,9,1,2,4,5,3},{3,4,5,2,6,9,8,1,7},{7,2,1,8,3,0,0,0,0},{0,0,0,0,0,0,0,0,0},{0,0,0,0,0,0,0,0,0},{0,0,0,0,0,0,0,0,0},{0,0,0,0,0,0,0,0,0}}
]
3739 [JavaFX Application Thread] INFO  sudoku.model.SudokuBoard - Wartość 0 wstawiona nieprawidłowo
3740 [JavaFX Application Thread] INFO  sudoku.model.SudokuBoard - Bład w kwadracie 0
sudoku.model.SudokuBoard@7b4ae502[
  size=9
  solver=sudoku.model.BacktrackingSudokuSolver@34107a67
  board={{4,5,3,6,7,8,9,2,1},{2,1,9,3,5,4,6,7,8},{6,7,8,9,1,2,4,5,3},{3,4,5,2,6,9,8,1,7},{7,2,1,8,0,0,0,0,0},{0,0,0,0,0,0,0,0,0},{0,0,0,0,0,0,0,0,0},{0,0,0,0,0,0,0,0,0},{0,0,0,0,0,0,0,0,0}}
]
3740 [JavaFX Application Thread] INFO  sudoku.model.SudokuBoard - Wartość 0 wstawiona nieprawidłowo
3741 [JavaFX Application Thread] INFO  sudoku.model.SudokuBoard - Bład w kwadracie 0
sudoku.model.SudokuBoard@7b4ae502[
  size=9
  solver=sudoku.model.BacktrackingSudokuSolver@34107a67
  board={{4,5,3,6,7,8,9,2,1},{2,1,9,3,5,4,6,7,8},{6,7,8,9,1,2,4,5,3},{3,4,5,2,6,9,8,1,7},{7,2,1,8,4,3,5,9,6},{8,0,0,0,0,0,0,0,0},{0,0,0,0,0,0,0,0,0},{0,0,0,0,0,0,0,0,0},{0,0,0,0,0,0,0,0,0}}
]
3741 [JavaFX Application Thread] INFO  sudoku.model.SudokuBoard - Wartość 0 wstawiona nieprawidłowo
3742 [JavaFX Application Thread] INFO  sudoku.model.SudokuBoard - Bład w kwadracie 0
sudoku.model.SudokuBoard@7b4ae502[
  size=9
  solver=sudoku.model.BacktrackingSudokuSolver@34107a67
  board={{4,5,3,6,7,8,9,2,1},{2,1,9,3,5,4,6,7,8},{6,7,8,9,1,2,4,5,3},{3,4,5,2,6,9,8,1,7},{7,2,1,8,4,3,5,9,6},{8,9,6,0,0,0,0,0,0},{0,0,0,0,0,0,0,0,0},{0,0,0,0,0,0,0,0,0},{0,0,0,0,0,0,0,0,0}}
]
3742 [JavaFX Application Thread] INFO  sudoku.model.SudokuBoard - Wartość 0 wstawiona nieprawidłowo
3743 [JavaFX Application Thread] INFO  sudoku.model.SudokuBoard - Bład w kwadracie 0
sudoku.model.SudokuBoard@7b4ae502[
  size=9
  solver=sudoku.model.BacktrackingSudokuSolver@34107a67
  board={{4,5,3,6,7,8,9,2,1},{2,1,9,3,5,4,6,7,8},{6,7,8,9,1,2,4,5,3},{3,4,5,2,6,9,8,1,7},{7,2,1,8,4,3,5,9,6},{8,9,6,0,0,0,0,0,0},{0,0,0,0,0,0,0,0,0},{0,0,0,0,0,0,0,0,0},{0,0,0,0,0,0,0,0,0}}
]
3744 [JavaFX Application Thread] INFO  sudoku.model.SudokuBoard - Wartość 0 wstawiona nieprawidłowo
3744 [JavaFX Application Thread] INFO  sudoku.model.SudokuBoard - Bład w kwadracie 0
sudoku.model.SudokuBoard@7b4ae502[
  size=9
  solver=sudoku.model.BacktrackingSudokuSolver@34107a67
  board={{4,5,3,6,7,8,9,2,1},{2,1,9,3,5,4,6,7,8},{6,7,8,9,1,2,4,5,3},{3,4,5,2,6,9,8,1,7},{7,2,1,8,4,3,5,9,6},{8,9,6,0,0,0,0,0,0},{0,0,0,0,0,0,0,0,0},{0,0,0,0,0,0,0,0,0},{0,0,0,0,0,0,0,0,0}}
]
3745 [JavaFX Application Thread] INFO  sudoku.model.SudokuBoard - Wartość 0 wstawiona nieprawidłowo
3745 [JavaFX Application Thread] INFO  sudoku.model.SudokuBoard - Bład w kwadracie 0
sudoku.model.SudokuBoard@7b4ae502[
  size=9
  solver=sudoku.model.BacktrackingSudokuSolver@34107a67
  board={{4,5,3,6,7,8,9,2,1},{2,1,9,3,5,4,6,7,8},{6,7,8,9,1,2,4,5,3},{3,4,5,2,6,9,8,1,7},{7,2,1,8,4,3,5,9,6},{8,9,0,0,0,0,0,0,0},{0,0,0,0,0,0,0,0,0},{0,0,0,0,0,0,0,0,0},{0,0,0,0,0,0,0,0,0}}
]
3745 [JavaFX Application Thread] INFO  sudoku.model.SudokuBoard - Wartość 0 wstawiona nieprawidłowo
3746 [JavaFX Application Thread] INFO  sudoku.model.SudokuBoard - Bład w kwadracie 0
sudoku.model.SudokuBoard@7b4ae502[
  size=9
  solver=sudoku.model.BacktrackingSudokuSolver@34107a67
  board={{4,5,3,6,7,8,9,2,1},{2,1,9,3,5,4,6,7,8},{6,7,8,9,1,2,4,5,3},{3,4,5,2,6,9,8,1,7},{7,2,1,8,4,3,5,9,6},{8,0,0,0,0,0,0,0,0},{0,0,0,0,0,0,0,0,0},{0,0,0,0,0,0,0,0,0},{0,0,0,0,0,0,0,0,0}}
]
3746 [JavaFX Application Thread] INFO  sudoku.model.SudokuBoard - Wartość 0 wstawiona nieprawidłowo
3747 [JavaFX Application Thread] INFO  sudoku.model.SudokuBoard - Bład w kwadracie 0
sudoku.model.SudokuBoard@7b4ae502[
  size=9
  solver=sudoku.model.BacktrackingSudokuSolver@34107a67
  board={{4,5,3,6,7,8,9,2,1},{2,1,9,3,5,4,6,7,8},{6,7,8,9,1,2,4,5,3},{3,4,5,2,6,9,8,1,7},{7,2,1,8,4,3,5,9,6},{0,0,0,0,0,0,0,0,0},{0,0,0,0,0,0,0,0,0},{0,0,0,0,0,0,0,0,0},{0,0,0,0,0,0,0,0,0}}
]
3747 [JavaFX Application Thread] INFO  sudoku.model.SudokuBoard - Wartość 0 wstawiona nieprawidłowo
3748 [JavaFX Application Thread] INFO  sudoku.model.SudokuBoard - Bład w kwadracie 0
sudoku.model.SudokuBoard@7b4ae502[
  size=9
  solver=sudoku.model.BacktrackingSudokuSolver@34107a67
  board={{4,5,3,6,7,8,9,2,1},{2,1,9,3,5,4,6,7,8},{6,7,8,9,1,2,4,5,3},{3,4,5,2,6,9,8,1,7},{7,2,1,8,4,3,5,9,6},{9,0,0,0,0,0,0,0,0},{0,0,0,0,0,0,0,0,0},{0,0,0,0,0,0,0,0,0},{0,0,0,0,0,0,0,0,0}}
]
3749 [JavaFX Application Thread] INFO  sudoku.model.SudokuBoard - Wartość 0 wstawiona nieprawidłowo
3749 [JavaFX Application Thread] INFO  sudoku.model.SudokuBoard - Bład w kwadracie 0
sudoku.model.SudokuBoard@7b4ae502[
  size=9
  solver=sudoku.model.BacktrackingSudokuSolver@34107a67
  board={{4,5,3,6,7,8,9,2,1},{2,1,9,3,5,4,6,7,8},{6,7,8,9,1,2,4,5,3},{3,4,5,2,6,9,8,1,7},{7,2,1,8,4,3,5,9,6},{9,8,6,0,0,0,0,0,0},{0,0,0,0,0,0,0,0,0},{0,0,0,0,0,0,0,0,0},{0,0,0,0,0,0,0,0,0}}
]
3750 [JavaFX Application Thread] INFO  sudoku.model.SudokuBoard - Wartość 0 wstawiona nieprawidłowo
3750 [JavaFX Application Thread] INFO  sudoku.model.SudokuBoard - Bład w kwadracie 0
sudoku.model.SudokuBoard@7b4ae502[
  size=9
  solver=sudoku.model.BacktrackingSudokuSolver@34107a67
  board={{4,5,3,6,7,8,9,2,1},{2,1,9,3,5,4,6,7,8},{6,7,8,9,1,2,4,5,3},{3,4,5,2,6,9,8,1,7},{7,2,1,8,4,3,5,9,6},{9,8,6,0,0,0,0,0,0},{0,0,0,0,0,0,0,0,0},{0,0,0,0,0,0,0,0,0},{0,0,0,0,0,0,0,0,0}}
]
3750 [JavaFX Application Thread] INFO  sudoku.model.SudokuBoard - Wartość 0 wstawiona nieprawidłowo
3751 [JavaFX Application Thread] INFO  sudoku.model.SudokuBoard - Bład w kwadracie 0
sudoku.model.SudokuBoard@7b4ae502[
  size=9
  solver=sudoku.model.BacktrackingSudokuSolver@34107a67
  board={{4,5,3,6,7,8,9,2,1},{2,1,9,3,5,4,6,7,8},{6,7,8,9,1,2,4,5,3},{3,4,5,2,6,9,8,1,7},{7,2,1,8,4,3,5,9,6},{9,8,6,0,0,0,0,0,0},{0,0,0,0,0,0,0,0,0},{0,0,0,0,0,0,0,0,0},{0,0,0,0,0,0,0,0,0}}
]
3751 [JavaFX Application Thread] INFO  sudoku.model.SudokuBoard - Wartość 0 wstawiona nieprawidłowo
3751 [JavaFX Application Thread] INFO  sudoku.model.SudokuBoard - Bład w kwadracie 0
sudoku.model.SudokuBoard@7b4ae502[
  size=9
  solver=sudoku.model.BacktrackingSudokuSolver@34107a67
  board={{4,5,3,6,7,8,9,2,1},{2,1,9,3,5,4,6,7,8},{6,7,8,9,1,2,4,5,3},{3,4,5,2,6,9,8,1,7},{7,2,1,8,4,3,5,9,6},{9,8,0,0,0,0,0,0,0},{0,0,0,0,0,0,0,0,0},{0,0,0,0,0,0,0,0,0},{0,0,0,0,0,0,0,0,0}}
]
3752 [JavaFX Application Thread] INFO  sudoku.model.SudokuBoard - Wartość 0 wstawiona nieprawidłowo
3753 [JavaFX Application Thread] INFO  sudoku.model.SudokuBoard - Bład w kwadracie 0
sudoku.model.SudokuBoard@7b4ae502[
  size=9
  solver=sudoku.model.BacktrackingSudokuSolver@34107a67
  board={{4,5,3,6,7,8,9,2,1},{2,1,9,3,5,4,6,7,8},{6,7,8,9,1,2,4,5,3},{3,4,5,2,6,9,8,1,7},{7,2,1,8,4,3,5,9,6},{9,0,0,0,0,0,0,0,0},{0,0,0,0,0,0,0,0,0},{0,0,0,0,0,0,0,0,0},{0,0,0,0,0,0,0,0,0}}
]
3753 [JavaFX Application Thread] INFO  sudoku.model.SudokuBoard - Wartość 0 wstawiona nieprawidłowo
3754 [JavaFX Application Thread] INFO  sudoku.model.SudokuBoard - Bład w kwadracie 0
sudoku.model.SudokuBoard@7b4ae502[
  size=9
  solver=sudoku.model.BacktrackingSudokuSolver@34107a67
  board={{4,5,3,6,7,8,9,2,1},{2,1,9,3,5,4,6,7,8},{6,7,8,9,1,2,4,5,3},{3,4,5,2,6,9,8,1,7},{7,2,1,8,4,3,5,9,6},{0,0,0,0,0,0,0,0,0},{0,0,0,0,0,0,0,0,0},{0,0,0,0,0,0,0,0,0},{0,0,0,0,0,0,0,0,0}}
]
3754 [JavaFX Application Thread] INFO  sudoku.model.SudokuBoard - Wartość 0 wstawiona nieprawidłowo
3754 [JavaFX Application Thread] INFO  sudoku.model.SudokuBoard - Bład w kwadracie 0
sudoku.model.SudokuBoard@7b4ae502[
  size=9
  solver=sudoku.model.BacktrackingSudokuSolver@34107a67
  board={{4,5,3,6,7,8,9,2,1},{2,1,9,3,5,4,6,7,8},{6,7,8,9,1,2,4,5,3},{3,4,5,2,6,9,8,1,7},{7,2,1,8,4,3,5,9,0},{0,0,0,0,0,0,0,0,0},{0,0,0,0,0,0,0,0,0},{0,0,0,0,0,0,0,0,0},{0,0,0,0,0,0,0,0,0}}
]
3754 [JavaFX Application Thread] INFO  sudoku.model.SudokuBoard - Wartość 0 wstawiona nieprawidłowo
3755 [JavaFX Application Thread] INFO  sudoku.model.SudokuBoard - Bład w kwadracie 0
sudoku.model.SudokuBoard@7b4ae502[
  size=9
  solver=sudoku.model.BacktrackingSudokuSolver@34107a67
  board={{4,5,3,6,7,8,9,2,1},{2,1,9,3,5,4,6,7,8},{6,7,8,9,1,2,4,5,3},{3,4,5,2,6,9,8,1,7},{7,2,1,8,4,3,5,0,0},{0,0,0,0,0,0,0,0,0},{0,0,0,0,0,0,0,0,0},{0,0,0,0,0,0,0,0,0},{0,0,0,0,0,0,0,0,0}}
]
3755 [JavaFX Application Thread] INFO  sudoku.model.SudokuBoard - Wartość 0 wstawiona nieprawidłowo
3756 [JavaFX Application Thread] INFO  sudoku.model.SudokuBoard - Bład w kwadracie 0
sudoku.model.SudokuBoard@7b4ae502[
  size=9
  solver=sudoku.model.BacktrackingSudokuSolver@34107a67
  board={{4,5,3,6,7,8,9,2,1},{2,1,9,3,5,4,6,7,8},{6,7,8,9,1,2,4,5,3},{3,4,5,2,6,9,8,1,7},{7,2,1,8,4,3,5,6,9},{8,9,6,0,0,0,0,0,0},{0,0,0,0,0,0,0,0,0},{0,0,0,0,0,0,0,0,0},{0,0,0,0,0,0,0,0,0}}
]
3756 [JavaFX Application Thread] INFO  sudoku.model.SudokuBoard - Wartość 0 wstawiona nieprawidłowo
3756 [JavaFX Application Thread] INFO  sudoku.model.SudokuBoard - Bład w kwadracie 0
sudoku.model.SudokuBoard@7b4ae502[
  size=9
  solver=sudoku.model.BacktrackingSudokuSolver@34107a67
  board={{4,5,3,6,7,8,9,2,1},{2,1,9,3,5,4,6,7,8},{6,7,8,9,1,2,4,5,3},{3,4,5,2,6,9,8,1,7},{7,2,1,8,4,3,5,6,9},{8,9,6,0,0,0,0,0,0},{0,0,0,0,0,0,0,0,0},{0,0,0,0,0,0,0,0,0},{0,0,0,0,0,0,0,0,0}}
]
3756 [JavaFX Application Thread] INFO  sudoku.model.SudokuBoard - Wartość 0 wstawiona nieprawidłowo
3757 [JavaFX Application Thread] INFO  sudoku.model.SudokuBoard - Bład w kwadracie 0
sudoku.model.SudokuBoard@7b4ae502[
  size=9
  solver=sudoku.model.BacktrackingSudokuSolver@34107a67
  board={{4,5,3,6,7,8,9,2,1},{2,1,9,3,5,4,6,7,8},{6,7,8,9,1,2,4,5,3},{3,4,5,2,6,9,8,1,7},{7,2,1,8,4,3,5,6,9},{8,9,6,0,0,0,0,0,0},{0,0,0,0,0,0,0,0,0},{0,0,0,0,0,0,0,0,0},{0,0,0,0,0,0,0,0,0}}
]
3757 [JavaFX Application Thread] INFO  sudoku.model.SudokuBoard - Wartość 0 wstawiona nieprawidłowo
3757 [JavaFX Application Thread] INFO  sudoku.model.SudokuBoard - Bład w kwadracie 0
sudoku.model.SudokuBoard@7b4ae502[
  size=9
  solver=sudoku.model.BacktrackingSudokuSolver@34107a67
  board={{4,5,3,6,7,8,9,2,1},{2,1,9,3,5,4,6,7,8},{6,7,8,9,1,2,4,5,3},{3,4,5,2,6,9,8,1,7},{7,2,1,8,4,3,5,6,9},{8,9,0,0,0,0,0,0,0},{0,0,0,0,0,0,0,0,0},{0,0,0,0,0,0,0,0,0},{0,0,0,0,0,0,0,0,0}}
]
3757 [JavaFX Application Thread] INFO  sudoku.model.SudokuBoard - Wartość 0 wstawiona nieprawidłowo
3758 [JavaFX Application Thread] INFO  sudoku.model.SudokuBoard - Bład w kwadracie 0
sudoku.model.SudokuBoard@7b4ae502[
  size=9
  solver=sudoku.model.BacktrackingSudokuSolver@34107a67
  board={{4,5,3,6,7,8,9,2,1},{2,1,9,3,5,4,6,7,8},{6,7,8,9,1,2,4,5,3},{3,4,5,2,6,9,8,1,7},{7,2,1,8,4,3,5,6,9},{8,0,0,0,0,0,0,0,0},{0,0,0,0,0,0,0,0,0},{0,0,0,0,0,0,0,0,0},{0,0,0,0,0,0,0,0,0}}
]
3758 [JavaFX Application Thread] INFO  sudoku.model.SudokuBoard - Wartość 0 wstawiona nieprawidłowo
3758 [JavaFX Application Thread] INFO  sudoku.model.SudokuBoard - Bład w kwadracie 0
sudoku.model.SudokuBoard@7b4ae502[
  size=9
  solver=sudoku.model.BacktrackingSudokuSolver@34107a67
  board={{4,5,3,6,7,8,9,2,1},{2,1,9,3,5,4,6,7,8},{6,7,8,9,1,2,4,5,3},{3,4,5,2,6,9,8,1,7},{7,2,1,8,4,3,5,6,9},{8,0,0,0,0,0,0,0,0},{0,0,0,0,0,0,0,0,0},{0,0,0,0,0,0,0,0,0},{0,0,0,0,0,0,0,0,0}}
]
3758 [JavaFX Application Thread] INFO  sudoku.model.SudokuBoard - Wartość 0 wstawiona nieprawidłowo
3759 [JavaFX Application Thread] INFO  sudoku.model.SudokuBoard - Bład w kwadracie 0
sudoku.model.SudokuBoard@7b4ae502[
  size=9
  solver=sudoku.model.BacktrackingSudokuSolver@34107a67
  board={{4,5,3,6,7,8,9,2,1},{2,1,9,3,5,4,6,7,8},{6,7,8,9,1,2,4,5,3},{3,4,5,2,6,9,8,1,7},{7,2,1,8,4,3,5,6,9},{0,0,0,0,0,0,0,0,0},{0,0,0,0,0,0,0,0,0},{0,0,0,0,0,0,0,0,0},{0,0,0,0,0,0,0,0,0}}
]
3759 [JavaFX Application Thread] INFO  sudoku.model.SudokuBoard - Wartość 0 wstawiona nieprawidłowo
3759 [JavaFX Application Thread] INFO  sudoku.model.SudokuBoard - Bład w kwadracie 0
sudoku.model.SudokuBoard@7b4ae502[
  size=9
  solver=sudoku.model.BacktrackingSudokuSolver@34107a67
  board={{4,5,3,6,7,8,9,2,1},{2,1,9,3,5,4,6,7,8},{6,7,8,9,1,2,4,5,3},{3,4,5,2,6,9,8,1,7},{7,2,1,8,4,3,5,6,9},{9,0,0,0,0,0,0,0,0},{0,0,0,0,0,0,0,0,0},{0,0,0,0,0,0,0,0,0},{0,0,0,0,0,0,0,0,0}}
]
3760 [JavaFX Application Thread] INFO  sudoku.model.SudokuBoard - Wartość 0 wstawiona nieprawidłowo
3760 [JavaFX Application Thread] INFO  sudoku.model.SudokuBoard - Bład w kwadracie 0
sudoku.model.SudokuBoard@7b4ae502[
  size=9
  solver=sudoku.model.BacktrackingSudokuSolver@34107a67
  board={{4,5,3,6,7,8,9,2,1},{2,1,9,3,5,4,6,7,8},{6,7,8,9,1,2,4,5,3},{3,4,5,2,6,9,8,1,7},{7,2,1,8,4,3,5,6,9},{9,8,6,0,0,0,0,0,0},{0,0,0,0,0,0,0,0,0},{0,0,0,0,0,0,0,0,0},{0,0,0,0,0,0,0,0,0}}
]
3760 [JavaFX Application Thread] INFO  sudoku.model.SudokuBoard - Wartość 0 wstawiona nieprawidłowo
3760 [JavaFX Application Thread] INFO  sudoku.model.SudokuBoard - Bład w kwadracie 0
sudoku.model.SudokuBoard@7b4ae502[
  size=9
  solver=sudoku.model.BacktrackingSudokuSolver@34107a67
  board={{4,5,3,6,7,8,9,2,1},{2,1,9,3,5,4,6,7,8},{6,7,8,9,1,2,4,5,3},{3,4,5,2,6,9,8,1,7},{7,2,1,8,4,3,5,6,9},{9,8,6,0,0,0,0,0,0},{0,0,0,0,0,0,0,0,0},{0,0,0,0,0,0,0,0,0},{0,0,0,0,0,0,0,0,0}}
]
3761 [JavaFX Application Thread] INFO  sudoku.model.SudokuBoard - Wartość 0 wstawiona nieprawidłowo
3761 [JavaFX Application Thread] INFO  sudoku.model.SudokuBoard - Bład w kwadracie 0
sudoku.model.SudokuBoard@7b4ae502[
  size=9
  solver=sudoku.model.BacktrackingSudokuSolver@34107a67
  board={{4,5,3,6,7,8,9,2,1},{2,1,9,3,5,4,6,7,8},{6,7,8,9,1,2,4,5,3},{3,4,5,2,6,9,8,1,7},{7,2,1,8,4,3,5,6,9},{9,8,6,0,0,0,0,0,0},{0,0,0,0,0,0,0,0,0},{0,0,0,0,0,0,0,0,0},{0,0,0,0,0,0,0,0,0}}
]
3761 [JavaFX Application Thread] INFO  sudoku.model.SudokuBoard - Wartość 0 wstawiona nieprawidłowo
3761 [JavaFX Application Thread] INFO  sudoku.model.SudokuBoard - Bład w kwadracie 0
sudoku.model.SudokuBoard@7b4ae502[
  size=9
  solver=sudoku.model.BacktrackingSudokuSolver@34107a67
  board={{4,5,3,6,7,8,9,2,1},{2,1,9,3,5,4,6,7,8},{6,7,8,9,1,2,4,5,3},{3,4,5,2,6,9,8,1,7},{7,2,1,8,4,3,5,6,9},{9,8,0,0,0,0,0,0,0},{0,0,0,0,0,0,0,0,0},{0,0,0,0,0,0,0,0,0},{0,0,0,0,0,0,0,0,0}}
]
3762 [JavaFX Application Thread] INFO  sudoku.model.SudokuBoard - Wartość 0 wstawiona nieprawidłowo
3762 [JavaFX Application Thread] INFO  sudoku.model.SudokuBoard - Bład w kwadracie 0
sudoku.model.SudokuBoard@7b4ae502[
  size=9
  solver=sudoku.model.BacktrackingSudokuSolver@34107a67
  board={{4,5,3,6,7,8,9,2,1},{2,1,9,3,5,4,6,7,8},{6,7,8,9,1,2,4,5,3},{3,4,5,2,6,9,8,1,7},{7,2,1,8,4,3,5,6,9},{9,0,0,0,0,0,0,0,0},{0,0,0,0,0,0,0,0,0},{0,0,0,0,0,0,0,0,0},{0,0,0,0,0,0,0,0,0}}
]
3762 [JavaFX Application Thread] INFO  sudoku.model.SudokuBoard - Wartość 0 wstawiona nieprawidłowo
3763 [JavaFX Application Thread] INFO  sudoku.model.SudokuBoard - Bład w kwadracie 0
sudoku.model.SudokuBoard@7b4ae502[
  size=9
  solver=sudoku.model.BacktrackingSudokuSolver@34107a67
  board={{4,5,3,6,7,8,9,2,1},{2,1,9,3,5,4,6,7,8},{6,7,8,9,1,2,4,5,3},{3,4,5,2,6,9,8,1,7},{7,2,1,8,4,3,5,6,9},{0,0,0,0,0,0,0,0,0},{0,0,0,0,0,0,0,0,0},{0,0,0,0,0,0,0,0,0},{0,0,0,0,0,0,0,0,0}}
]
3763 [JavaFX Application Thread] INFO  sudoku.model.SudokuBoard - Wartość 0 wstawiona nieprawidłowo
3763 [JavaFX Application Thread] INFO  sudoku.model.SudokuBoard - Bład w kwadracie 0
sudoku.model.SudokuBoard@7b4ae502[
  size=9
  solver=sudoku.model.BacktrackingSudokuSolver@34107a67
  board={{4,5,3,6,7,8,9,2,1},{2,1,9,3,5,4,6,7,8},{6,7,8,9,1,2,4,5,3},{3,4,5,2,6,9,8,1,7},{7,2,1,8,4,3,5,6,0},{0,0,0,0,0,0,0,0,0},{0,0,0,0,0,0,0,0,0},{0,0,0,0,0,0,0,0,0},{0,0,0,0,0,0,0,0,0}}
]
3763 [JavaFX Application Thread] INFO  sudoku.model.SudokuBoard - Wartość 0 wstawiona nieprawidłowo
3763 [JavaFX Application Thread] INFO  sudoku.model.SudokuBoard - Bład w kwadracie 0
sudoku.model.SudokuBoard@7b4ae502[
  size=9
  solver=sudoku.model.BacktrackingSudokuSolver@34107a67
  board={{4,5,3,6,7,8,9,2,1},{2,1,9,3,5,4,6,7,8},{6,7,8,9,1,2,4,5,3},{3,4,5,2,6,9,8,1,7},{7,2,1,8,4,3,5,0,0},{0,0,0,0,0,0,0,0,0},{0,0,0,0,0,0,0,0,0},{0,0,0,0,0,0,0,0,0},{0,0,0,0,0,0,0,0,0}}
]
3763 [JavaFX Application Thread] INFO  sudoku.model.SudokuBoard - Wartość 0 wstawiona nieprawidłowo
3764 [JavaFX Application Thread] INFO  sudoku.model.SudokuBoard - Bład w kwadracie 0
sudoku.model.SudokuBoard@7b4ae502[
  size=9
  solver=sudoku.model.BacktrackingSudokuSolver@34107a67
  board={{4,5,3,6,7,8,9,2,1},{2,1,9,3,5,4,6,7,8},{6,7,8,9,1,2,4,5,3},{3,4,5,2,6,9,8,1,7},{7,2,1,8,4,3,0,0,0},{0,0,0,0,0,0,0,0,0},{0,0,0,0,0,0,0,0,0},{0,0,0,0,0,0,0,0,0},{0,0,0,0,0,0,0,0,0}}
]
3764 [JavaFX Application Thread] INFO  sudoku.model.SudokuBoard - Wartość 0 wstawiona nieprawidłowo
3764 [JavaFX Application Thread] INFO  sudoku.model.SudokuBoard - Bład w kwadracie 0
sudoku.model.SudokuBoard@7b4ae502[
  size=9
  solver=sudoku.model.BacktrackingSudokuSolver@34107a67
  board={{4,5,3,6,7,8,9,2,1},{2,1,9,3,5,4,6,7,8},{6,7,8,9,1,2,4,5,3},{3,4,5,2,6,9,8,1,7},{7,2,1,8,4,0,0,0,0},{0,0,0,0,0,0,0,0,0},{0,0,0,0,0,0,0,0,0},{0,0,0,0,0,0,0,0,0},{0,0,0,0,0,0,0,0,0}}
]
3764 [JavaFX Application Thread] INFO  sudoku.model.SudokuBoard - Wartość 0 wstawiona nieprawidłowo
3765 [JavaFX Application Thread] INFO  sudoku.model.SudokuBoard - Bład w kwadracie 0
sudoku.model.SudokuBoard@7b4ae502[
  size=9
  solver=sudoku.model.BacktrackingSudokuSolver@34107a67
  board={{4,5,3,6,7,8,9,2,1},{2,1,9,3,5,4,6,7,8},{6,7,8,9,1,2,4,5,3},{3,4,5,2,6,9,8,1,7},{7,2,1,8,4,5,3,9,6},{8,9,6,7,3,1,2,4,5},{9,6,7,4,8,3,0,0,0},{0,0,0,0,0,0,0,0,0},{0,0,0,0,0,0,0,0,0}}
]
3765 [JavaFX Application Thread] INFO  sudoku.model.SudokuBoard - Wartość 0 wstawiona nieprawidłowo
3766 [JavaFX Application Thread] INFO  sudoku.model.SudokuBoard - Bład w kwadracie 0
sudoku.model.SudokuBoard@7b4ae502[
  size=9
  solver=sudoku.model.BacktrackingSudokuSolver@34107a67
  board={{4,5,3,6,7,8,9,2,1},{2,1,9,3,5,4,6,7,8},{6,7,8,9,1,2,4,5,3},{3,4,5,2,6,9,8,1,7},{7,2,1,8,4,5,3,9,6},{8,9,6,7,3,1,2,4,5},{9,6,7,4,8,3,0,0,0},{0,0,0,0,0,0,0,0,0},{0,0,0,0,0,0,0,0,0}}
]
3766 [JavaFX Application Thread] INFO  sudoku.model.SudokuBoard - Wartość 0 wstawiona nieprawidłowo
3766 [JavaFX Application Thread] INFO  sudoku.model.SudokuBoard - Bład w kwadracie 0
sudoku.model.SudokuBoard@7b4ae502[
  size=9
  solver=sudoku.model.BacktrackingSudokuSolver@34107a67
  board={{4,5,3,6,7,8,9,2,1},{2,1,9,3,5,4,6,7,8},{6,7,8,9,1,2,4,5,3},{3,4,5,2,6,9,8,1,7},{7,2,1,8,4,5,3,9,6},{8,9,6,7,3,1,2,4,5},{9,6,7,4,8,0,0,0,0},{0,0,0,0,0,0,0,0,0},{0,0,0,0,0,0,0,0,0}}
]
3766 [JavaFX Application Thread] INFO  sudoku.model.SudokuBoard - Wartość 0 wstawiona nieprawidłowo
3766 [JavaFX Application Thread] INFO  sudoku.model.SudokuBoard - Bład w kwadracie 0
sudoku.model.SudokuBoard@7b4ae502[
  size=9
  solver=sudoku.model.BacktrackingSudokuSolver@34107a67
  board={{4,5,3,6,7,8,9,2,1},{2,1,9,3,5,4,6,7,8},{6,7,8,9,1,2,4,5,3},{3,4,5,2,6,9,8,1,7},{7,2,1,8,4,5,3,9,6},{8,9,6,7,3,1,2,4,5},{9,6,7,4,0,0,0,0,0},{0,0,0,0,0,0,0,0,0},{0,0,0,0,0,0,0,0,0}}
]
3766 [JavaFX Application Thread] INFO  sudoku.model.SudokuBoard - Wartość 0 wstawiona nieprawidłowo
3768 [JavaFX Application Thread] INFO  sudoku.model.SudokuBoard - Bład w kwadracie 0
sudoku.model.SudokuBoard@7b4ae502[
  size=9
  solver=sudoku.model.BacktrackingSudokuSolver@34107a67
  board={{4,5,3,6,7,8,9,2,1},{2,1,9,3,5,4,6,7,8},{6,7,8,9,1,2,4,5,3},{3,4,5,2,6,9,8,1,7},{7,2,1,8,4,5,3,9,6},{8,9,6,7,3,1,2,4,5},{9,6,7,4,2,3,1,0,0},{0,0,0,0,0,0,0,0,0},{0,0,0,0,0,0,0,0,0}}
]
3768 [JavaFX Application Thread] INFO  sudoku.model.SudokuBoard - Wartość 0 wstawiona nieprawidłowo
3769 [JavaFX Application Thread] INFO  sudoku.model.SudokuBoard - Bład w kwadracie 0
sudoku.model.SudokuBoard@7b4ae502[
  size=9
  solver=sudoku.model.BacktrackingSudokuSolver@34107a67
  board={{4,5,3,6,7,8,9,2,1},{2,1,9,3,5,4,6,7,8},{6,7,8,9,1,2,4,5,3},{3,4,5,2,6,9,8,1,7},{7,2,1,8,4,5,3,9,6},{8,9,6,7,3,1,2,4,5},{9,6,7,4,2,3,0,0,0},{0,0,0,0,0,0,0,0,0},{0,0,0,0,0,0,0,0,0}}
]
3769 [JavaFX Application Thread] INFO  sudoku.model.SudokuBoard - Wartość 0 wstawiona nieprawidłowo
3769 [JavaFX Application Thread] INFO  sudoku.model.SudokuBoard - Bład w kwadracie 0
sudoku.model.SudokuBoard@7b4ae502[
  size=9
  solver=sudoku.model.BacktrackingSudokuSolver@34107a67
  board={{4,5,3,6,7,8,9,2,1},{2,1,9,3,5,4,6,7,8},{6,7,8,9,1,2,4,5,3},{3,4,5,2,6,9,8,1,7},{7,2,1,8,4,5,3,9,6},{8,9,6,7,3,1,2,4,5},{9,6,7,4,2,3,5,0,0},{0,0,0,0,0,0,0,0,0},{0,0,0,0,0,0,0,0,0}}
]
3769 [JavaFX Application Thread] INFO  sudoku.model.SudokuBoard - Wartość 0 wstawiona nieprawidłowo
3769 [JavaFX Application Thread] INFO  sudoku.model.SudokuBoard - Bład w kwadracie 0
sudoku.model.SudokuBoard@7b4ae502[
  size=9
  solver=sudoku.model.BacktrackingSudokuSolver@34107a67
  board={{4,5,3,6,7,8,9,2,1},{2,1,9,3,5,4,6,7,8},{6,7,8,9,1,2,4,5,3},{3,4,5,2,6,9,8,1,7},{7,2,1,8,4,5,3,9,6},{8,9,6,7,3,1,2,4,5},{9,6,7,4,2,3,0,0,0},{0,0,0,0,0,0,0,0,0},{0,0,0,0,0,0,0,0,0}}
]
3770 [JavaFX Application Thread] INFO  sudoku.model.SudokuBoard - Wartość 0 wstawiona nieprawidłowo
3770 [JavaFX Application Thread] INFO  sudoku.model.SudokuBoard - Bład w kwadracie 0
sudoku.model.SudokuBoard@7b4ae502[
  size=9
  solver=sudoku.model.BacktrackingSudokuSolver@34107a67
  board={{4,5,3,6,7,8,9,2,1},{2,1,9,3,5,4,6,7,8},{6,7,8,9,1,2,4,5,3},{3,4,5,2,6,9,8,1,7},{7,2,1,8,4,5,3,9,6},{8,9,6,7,3,1,2,4,5},{9,6,7,4,2,0,0,0,0},{0,0,0,0,0,0,0,0,0},{0,0,0,0,0,0,0,0,0}}
]
3770 [JavaFX Application Thread] INFO  sudoku.model.SudokuBoard - Wartość 0 wstawiona nieprawidłowo
3770 [JavaFX Application Thread] INFO  sudoku.model.SudokuBoard - Bład w kwadracie 0
sudoku.model.SudokuBoard@7b4ae502[
  size=9
  solver=sudoku.model.BacktrackingSudokuSolver@34107a67
  board={{4,5,3,6,7,8,9,2,1},{2,1,9,3,5,4,6,7,8},{6,7,8,9,1,2,4,5,3},{3,4,5,2,6,9,8,1,7},{7,2,1,8,4,5,3,9,6},{8,9,6,7,3,1,2,4,5},{9,6,7,4,0,0,0,0,0},{0,0,0,0,0,0,0,0,0},{0,0,0,0,0,0,0,0,0}}
]
3770 [JavaFX Application Thread] INFO  sudoku.model.SudokuBoard - Wartość 0 wstawiona nieprawidłowo
3771 [JavaFX Application Thread] INFO  sudoku.model.SudokuBoard - Bład w kwadracie 0
sudoku.model.SudokuBoard@7b4ae502[
  size=9
  solver=sudoku.model.BacktrackingSudokuSolver@34107a67
  board={{4,5,3,6,7,8,9,2,1},{2,1,9,3,5,4,6,7,8},{6,7,8,9,1,2,4,5,3},{3,4,5,2,6,9,8,1,7},{7,2,1,8,4,5,3,9,6},{8,9,6,7,3,1,2,4,5},{9,6,7,0,0,0,0,0,0},{0,0,0,0,0,0,0,0,0},{0,0,0,0,0,0,0,0,0}}
]
3771 [JavaFX Application Thread] INFO  sudoku.model.SudokuBoard - Wartość 0 wstawiona nieprawidłowo
3771 [JavaFX Application Thread] INFO  sudoku.model.SudokuBoard - Bład w kwadracie 0
sudoku.model.SudokuBoard@7b4ae502[
  size=9
  solver=sudoku.model.BacktrackingSudokuSolver@34107a67
  board={{4,5,3,6,7,8,9,2,1},{2,1,9,3,5,4,6,7,8},{6,7,8,9,1,2,4,5,3},{3,4,5,2,6,9,8,1,7},{7,2,1,8,4,5,3,9,6},{8,9,6,7,3,1,2,4,5},{9,6,7,5,8,3,0,0,0},{0,0,0,0,0,0,0,0,0},{0,0,0,0,0,0,0,0,0}}
]
3771 [JavaFX Application Thread] INFO  sudoku.model.SudokuBoard - Wartość 0 wstawiona nieprawidłowo
3771 [JavaFX Application Thread] INFO  sudoku.model.SudokuBoard - Bład w kwadracie 0
sudoku.model.SudokuBoard@7b4ae502[
  size=9
  solver=sudoku.model.BacktrackingSudokuSolver@34107a67
  board={{4,5,3,6,7,8,9,2,1},{2,1,9,3,5,4,6,7,8},{6,7,8,9,1,2,4,5,3},{3,4,5,2,6,9,8,1,7},{7,2,1,8,4,5,3,9,6},{8,9,6,7,3,1,2,4,5},{9,6,7,5,8,0,0,0,0},{0,0,0,0,0,0,0,0,0},{0,0,0,0,0,0,0,0,0}}
]
3772 [JavaFX Application Thread] INFO  sudoku.model.SudokuBoard - Wartość 0 wstawiona nieprawidłowo
3772 [JavaFX Application Thread] INFO  sudoku.model.SudokuBoard - Bład w kwadracie 0
sudoku.model.SudokuBoard@7b4ae502[
  size=9
  solver=sudoku.model.BacktrackingSudokuSolver@34107a67
  board={{4,5,3,6,7,8,9,2,1},{2,1,9,3,5,4,6,7,8},{6,7,8,9,1,2,4,5,3},{3,4,5,2,6,9,8,1,7},{7,2,1,8,4,5,3,9,6},{8,9,6,7,3,1,2,4,5},{9,6,7,5,0,0,0,0,0},{0,0,0,0,0,0,0,0,0},{0,0,0,0,0,0,0,0,0}}
]
3772 [JavaFX Application Thread] INFO  sudoku.model.SudokuBoard - Wartość 0 wstawiona nieprawidłowo
3772 [JavaFX Application Thread] INFO  sudoku.model.SudokuBoard - Bład w kwadracie 0
sudoku.model.SudokuBoard@7b4ae502[
  size=9
  solver=sudoku.model.BacktrackingSudokuSolver@34107a67
  board={{4,5,3,6,7,8,9,2,1},{2,1,9,3,5,4,6,7,8},{6,7,8,9,1,2,4,5,3},{3,4,5,2,6,9,8,1,7},{7,2,1,8,4,5,3,9,6},{8,9,6,7,3,1,2,4,5},{9,6,7,5,2,3,1,8,4},{1,3,2,4,8,6,0,0,0},{0,0,0,0,0,0,0,0,0}}
]
3772 [JavaFX Application Thread] INFO  sudoku.model.SudokuBoard - Wartość 0 wstawiona nieprawidłowo
3773 [JavaFX Application Thread] INFO  sudoku.model.SudokuBoard - Bład w kwadracie 0
sudoku.model.SudokuBoard@7b4ae502[
  size=9
  solver=sudoku.model.BacktrackingSudokuSolver@34107a67
  board={{4,5,3,6,7,8,9,2,1},{2,1,9,3,5,4,6,7,8},{6,7,8,9,1,2,4,5,3},{3,4,5,2,6,9,8,1,7},{7,2,1,8,4,5,3,9,6},{8,9,6,7,3,1,2,4,5},{9,6,7,5,2,3,1,8,4},{1,3,2,4,8,6,0,0,0},{0,0,0,0,0,0,0,0,0}}
]
3773 [JavaFX Application Thread] INFO  sudoku.model.SudokuBoard - Wartość 0 wstawiona nieprawidłowo
3773 [JavaFX Application Thread] INFO  sudoku.model.SudokuBoard - Bład w kwadracie 0
sudoku.model.SudokuBoard@7b4ae502[
  size=9
  solver=sudoku.model.BacktrackingSudokuSolver@34107a67
  board={{4,5,3,6,7,8,9,2,1},{2,1,9,3,5,4,6,7,8},{6,7,8,9,1,2,4,5,3},{3,4,5,2,6,9,8,1,7},{7,2,1,8,4,5,3,9,6},{8,9,6,7,3,1,2,4,5},{9,6,7,5,2,3,1,8,4},{1,3,2,4,8,0,0,0,0},{0,0,0,0,0,0,0,0,0}}
]
3773 [JavaFX Application Thread] INFO  sudoku.model.SudokuBoard - Wartość 0 wstawiona nieprawidłowo
3775 [JavaFX Application Thread] INFO  sudoku.model.SudokuBoard - Bład w kwadracie 1
sudoku.model.SudokuBoard@7b4ae502[
  size=9
  solver=sudoku.model.BacktrackingSudokuSolver@34107a67
  board={{4,5,3,6,7,8,9,2,1},{2,1,9,3,5,4,6,7,8},{6,7,8,0,1,2,4,5,3},{3,4,5,2,6,9,8,1,7},{7,2,1,8,4,5,3,9,6},{8,9,6,7,3,1,2,4,5},{9,6,7,5,2,3,1,8,4},{1,3,2,4,8,7,5,6,9},{5,8,4,1,9,6,7,3,2}}
]
3775 [JavaFX Application Thread] INFO  sudoku.model.SudokuBoard - Wartość 0 wstawiona nieprawidłowo
