2021-01-22T13:52:47,858 INFO  [main] sudoku.model.SudokuBoard Warto?? 0 wstawiona nieprawid?owo
2021-01-22T13:52:47,882 INFO  [main] sudoku.model.SudokuBoard B?ad w kwadracie 0
sudoku.model.SudokuBoard@623c9988[
  size=9
  solver=sudoku.model.BacktrackingSudokuSolver@66ab3716
  board={{9,1,2,8,3,4,5,6,7},{3,4,5,2,6,7,8,9,1},{6,7,8,9,1,5,2,3,4},{4,8,6,3,2,9,7,1,5},{1,3,9,7,5,6,4,8,2},{2,5,7,1,4,8,0,0,0},{0,0,0,0,0,0,0,0,0},{0,0,0,0,0,0,0,0,0},{0,0,0,0,0,0,0,0,0}}
]
2021-01-22T13:52:47,882 INFO  [main] sudoku.model.SudokuBoard Warto?? 0 wstawiona nieprawid?owo
2021-01-22T13:52:47,883 INFO  [main] sudoku.model.SudokuBoard B?ad w kwadracie 0
sudoku.model.SudokuBoard@623c9988[
  size=9
  solver=sudoku.model.BacktrackingSudokuSolver@66ab3716
  board={{9,1,2,8,3,4,5,6,7},{3,4,5,2,6,7,8,9,1},{6,7,8,9,1,5,2,3,4},{4,8,6,3,2,9,7,1,5},{1,3,9,7,5,6,4,8,2},{2,5,7,1,4,8,0,0,0},{0,0,0,0,0,0,0,0,0},{0,0,0,0,0,0,0,0,0},{0,0,0,0,0,0,0,0,0}}
]
2021-01-22T13:52:47,883 INFO  [main] sudoku.model.SudokuBoard Warto?? 0 wstawiona nieprawid?owo
2021-01-22T13:52:47,883 INFO  [main] sudoku.model.SudokuBoard B?ad w kwadracie 0
sudoku.model.SudokuBoard@623c9988[
  size=9
  solver=sudoku.model.BacktrackingSudokuSolver@66ab3716
  board={{9,1,2,8,3,4,5,6,7},{3,4,5,2,6,7,8,9,1},{6,7,8,9,1,5,2,3,4},{4,8,6,3,2,9,7,1,5},{1,3,9,7,5,6,4,8,2},{2,5,7,1,4,8,0,0,0},{0,0,0,0,0,0,0,0,0},{0,0,0,0,0,0,0,0,0},{0,0,0,0,0,0,0,0,0}}
]
2021-01-22T13:52:47,883 INFO  [main] sudoku.model.SudokuBoard Warto?? 0 wstawiona nieprawid?owo
2021-01-22T13:52:47,883 INFO  [main] sudoku.model.SudokuBoard B?ad w kwadracie 0
sudoku.model.SudokuBoard@623c9988[
  size=9
  solver=sudoku.model.BacktrackingSudokuSolver@66ab3716
  board={{9,1,2,8,3,4,5,6,7},{3,4,5,2,6,7,8,9,1},{6,7,8,9,1,5,2,3,4},{4,8,6,3,2,9,7,1,5},{1,3,9,7,5,6,4,8,2},{2,5,7,1,4,0,0,0,0},{0,0,0,0,0,0,0,0,0},{0,0,0,0,0,0,0,0,0},{0,0,0,0,0,0,0,0,0}}
]
2021-01-22T13:52:47,883 INFO  [main] sudoku.model.SudokuBoard Warto?? 0 wstawiona nieprawid?owo
2021-01-22T13:52:47,883 INFO  [main] sudoku.model.SudokuBoard B?ad w kwadracie 0
sudoku.model.SudokuBoard@623c9988[
  size=9
  solver=sudoku.model.BacktrackingSudokuSolver@66ab3716
  board={{9,1,2,8,3,4,5,6,7},{3,4,5,2,6,7,8,9,1},{6,7,8,9,1,5,2,3,4},{4,8,6,3,2,9,7,1,5},{1,3,9,7,5,6,4,8,2},{2,5,7,1,0,0,0,0,0},{0,0,0,0,0,0,0,0,0},{0,0,0,0,0,0,0,0,0},{0,0,0,0,0,0,0,0,0}}
]
2021-01-22T13:52:47,883 INFO  [main] sudoku.model.SudokuBoard Warto?? 0 wstawiona nieprawid?owo
2021-01-22T13:52:47,883 INFO  [main] sudoku.model.SudokuBoard B?ad w kwadracie 0
sudoku.model.SudokuBoard@623c9988[
  size=9
  solver=sudoku.model.BacktrackingSudokuSolver@66ab3716
  board={{9,1,2,8,3,4,5,6,7},{3,4,5,2,6,7,8,9,1},{6,7,8,9,1,5,2,3,4},{4,8,6,3,2,9,7,1,5},{1,3,9,7,5,6,4,8,2},{2,5,7,1,0,0,0,0,0},{0,0,0,0,0,0,0,0,0},{0,0,0,0,0,0,0,0,0},{0,0,0,0,0,0,0,0,0}}
]
2021-01-22T13:52:47,884 INFO  [main] sudoku.model.SudokuBoard Warto?? 0 wstawiona nieprawid?owo
2021-01-22T13:52:47,884 INFO  [main] sudoku.model.SudokuBoard B?ad w kwadracie 0
sudoku.model.SudokuBoard@623c9988[
  size=9
  solver=sudoku.model.BacktrackingSudokuSolver@66ab3716
  board={{9,1,2,8,3,4,5,6,7},{3,4,5,2,6,7,8,9,1},{6,7,8,9,1,5,2,3,4},{4,8,6,3,2,9,7,1,5},{1,3,9,7,5,6,4,8,2},{2,5,7,0,0,0,0,0,0},{0,0,0,0,0,0,0,0,0},{0,0,0,0,0,0,0,0,0},{0,0,0,0,0,0,0,0,0}}
]
2021-01-22T13:52:47,884 INFO  [main] sudoku.model.SudokuBoard Warto?? 0 wstawiona nieprawid?owo
2021-01-22T13:52:47,884 INFO  [main] sudoku.model.SudokuBoard B?ad w kwadracie 0
sudoku.model.SudokuBoard@623c9988[
  size=9
  solver=sudoku.model.BacktrackingSudokuSolver@66ab3716
  board={{9,1,2,8,3,4,5,6,7},{3,4,5,2,6,7,8,9,1},{6,7,8,9,1,5,2,3,4},{4,8,6,3,2,9,7,1,5},{1,3,9,7,5,6,4,8,2},{2,5,0,0,0,0,0,0,0},{0,0,0,0,0,0,0,0,0},{0,0,0,0,0,0,0,0,0},{0,0,0,0,0,0,0,0,0}}
]
2021-01-22T13:52:47,884 INFO  [main] sudoku.model.SudokuBoard Warto?? 0 wstawiona nieprawid?owo
2021-01-22T13:52:47,884 INFO  [main] sudoku.model.SudokuBoard B?ad w kwadracie 0
sudoku.model.SudokuBoard@623c9988[
  size=9
  solver=sudoku.model.BacktrackingSudokuSolver@66ab3716
  board={{9,1,2,8,3,4,5,6,7},{3,4,5,2,6,7,8,9,1},{6,7,8,9,1,5,2,3,4},{4,8,6,3,2,9,7,1,5},{1,3,9,7,5,6,4,8,2},{2,0,0,0,0,0,0,0,0},{0,0,0,0,0,0,0,0,0},{0,0,0,0,0,0,0,0,0},{0,0,0,0,0,0,0,0,0}}
]
2021-01-22T13:52:47,884 INFO  [main] sudoku.model.SudokuBoard Warto?? 0 wstawiona nieprawid?owo
2021-01-22T13:52:47,884 INFO  [main] sudoku.model.SudokuBoard B?ad w kwadracie 0
sudoku.model.SudokuBoard@623c9988[
  size=9
  solver=sudoku.model.BacktrackingSudokuSolver@66ab3716
  board={{9,1,2,8,3,4,5,6,7},{3,4,5,2,6,7,8,9,1},{6,7,8,9,1,5,2,3,4},{4,8,6,3,2,9,7,1,5},{1,3,9,7,5,6,4,8,2},{0,0,0,0,0,0,0,0,0},{0,0,0,0,0,0,0,0,0},{0,0,0,0,0,0,0,0,0},{0,0,0,0,0,0,0,0,0}}
]
2021-01-22T13:52:47,884 INFO  [main] sudoku.model.SudokuBoard Warto?? 0 wstawiona nieprawid?owo
2021-01-22T13:52:47,884 INFO  [main] sudoku.model.SudokuBoard B?ad w kwadracie 0
sudoku.model.SudokuBoard@623c9988[
  size=9
  solver=sudoku.model.BacktrackingSudokuSolver@66ab3716
  board={{9,1,2,8,3,4,5,6,7},{3,4,5,2,6,7,8,9,1},{6,7,8,9,1,5,2,3,4},{4,8,6,3,2,9,7,1,5},{1,3,9,7,5,6,4,8,0},{0,0,0,0,0,0,0,0,0},{0,0,0,0,0,0,0,0,0},{0,0,0,0,0,0,0,0,0},{0,0,0,0,0,0,0,0,0}}
]
2021-01-22T13:52:47,884 INFO  [main] sudoku.model.SudokuBoard Warto?? 0 wstawiona nieprawid?owo
2021-01-22T13:52:47,885 INFO  [main] sudoku.model.SudokuBoard B?ad w kwadracie 0
sudoku.model.SudokuBoard@623c9988[
  size=9
  solver=sudoku.model.BacktrackingSudokuSolver@66ab3716
  board={{9,1,2,8,3,4,5,6,7},{3,4,5,2,6,7,8,9,1},{6,7,8,9,1,5,2,3,4},{4,8,6,3,2,9,7,1,5},{1,3,9,7,5,6,4,0,0},{0,0,0,0,0,0,0,0,0},{0,0,0,0,0,0,0,0,0},{0,0,0,0,0,0,0,0,0},{0,0,0,0,0,0,0,0,0}}
]
2021-01-22T13:52:47,885 INFO  [main] sudoku.model.SudokuBoard Warto?? 0 wstawiona nieprawid?owo
2021-01-22T13:52:47,885 INFO  [main] sudoku.model.SudokuBoard B?ad w kwadracie 0
sudoku.model.SudokuBoard@623c9988[
  size=9
  solver=sudoku.model.BacktrackingSudokuSolver@66ab3716
  board={{9,1,2,8,3,4,5,6,7},{3,4,5,2,6,7,8,9,1},{6,7,8,9,1,5,2,3,4},{4,8,6,3,2,9,7,1,5},{1,3,9,7,5,6,4,2,8},{7,0,0,0,0,0,0,0,0},{0,0,0,0,0,0,0,0,0},{0,0,0,0,0,0,0,0,0},{0,0,0,0,0,0,0,0,0}}
]
2021-01-22T13:52:47,885 INFO  [main] sudoku.model.SudokuBoard Warto?? 0 wstawiona nieprawid?owo
2021-01-22T13:52:47,885 INFO  [main] sudoku.model.SudokuBoard B?ad w kwadracie 0
sudoku.model.SudokuBoard@623c9988[
  size=9
  solver=sudoku.model.BacktrackingSudokuSolver@66ab3716
  board={{9,1,2,8,3,4,5,6,7},{3,4,5,2,6,7,8,9,1},{6,7,8,9,1,5,2,3,4},{4,8,6,3,2,9,7,1,5},{1,3,9,7,5,6,4,2,8},{7,0,0,0,0,0,0,0,0},{0,0,0,0,0,0,0,0,0},{0,0,0,0,0,0,0,0,0},{0,0,0,0,0,0,0,0,0}}
]
2021-01-22T13:52:47,885 INFO  [main] sudoku.model.SudokuBoard Warto?? 0 wstawiona nieprawid?owo
2021-01-22T13:52:47,885 INFO  [main] sudoku.model.SudokuBoard B?ad w kwadracie 0
sudoku.model.SudokuBoard@623c9988[
  size=9
  solver=sudoku.model.BacktrackingSudokuSolver@66ab3716
  board={{9,1,2,8,3,4,5,6,7},{3,4,5,2,6,7,8,9,1},{6,7,8,9,1,5,2,3,4},{4,8,6,3,2,9,7,1,5},{1,3,9,7,5,6,4,2,8},{0,0,0,0,0,0,0,0,0},{0,0,0,0,0,0,0,0,0},{0,0,0,0,0,0,0,0,0},{0,0,0,0,0,0,0,0,0}}
]
2021-01-22T13:52:47,885 INFO  [main] sudoku.model.SudokuBoard Warto?? 0 wstawiona nieprawid?owo
2021-01-22T13:52:47,885 INFO  [main] sudoku.model.SudokuBoard B?ad w kwadracie 0
sudoku.model.SudokuBoard@623c9988[
  size=9
  solver=sudoku.model.BacktrackingSudokuSolver@66ab3716
  board={{9,1,2,8,3,4,5,6,7},{3,4,5,2,6,7,8,9,1},{6,7,8,9,1,5,2,3,4},{4,8,6,3,2,9,7,1,5},{1,3,9,7,5,6,4,2,8},{2,5,7,4,8,1,0,0,0},{0,0,0,0,0,0,0,0,0},{0,0,0,0,0,0,0,0,0},{0,0,0,0,0,0,0,0,0}}
]
2021-01-22T13:52:47,885 INFO  [main] sudoku.model.SudokuBoard Warto?? 0 wstawiona nieprawid?owo
2021-01-22T13:52:47,885 INFO  [main] sudoku.model.SudokuBoard B?ad w kwadracie 0
sudoku.model.SudokuBoard@623c9988[
  size=9
  solver=sudoku.model.BacktrackingSudokuSolver@66ab3716
  board={{9,1,2,8,3,4,5,6,7},{3,4,5,2,6,7,8,9,1},{6,7,8,9,1,5,2,3,4},{4,8,6,3,2,9,7,1,5},{1,3,9,7,5,6,4,2,8},{2,5,7,4,8,1,0,0,0},{0,0,0,0,0,0,0,0,0},{0,0,0,0,0,0,0,0,0},{0,0,0,0,0,0,0,0,0}}
]
2021-01-22T13:52:47,885 INFO  [main] sudoku.model.SudokuBoard Warto?? 0 wstawiona nieprawid?owo
2021-01-22T13:52:47,885 INFO  [main] sudoku.model.SudokuBoard B?ad w kwadracie 0
sudoku.model.SudokuBoard@623c9988[
  size=9
  solver=sudoku.model.BacktrackingSudokuSolver@66ab3716
  board={{9,1,2,8,3,4,5,6,7},{3,4,5,2,6,7,8,9,1},{6,7,8,9,1,5,2,3,4},{4,8,6,3,2,9,7,1,5},{1,3,9,7,5,6,4,2,8},{2,5,7,4,8,1,0,0,0},{0,0,0,0,0,0,0,0,0},{0,0,0,0,0,0,0,0,0},{0,0,0,0,0,0,0,0,0}}
]
2021-01-22T13:52:47,886 INFO  [main] sudoku.model.SudokuBoard Warto?? 0 wstawiona nieprawid?owo
2021-01-22T13:52:47,886 INFO  [main] sudoku.model.SudokuBoard B?ad w kwadracie 0
sudoku.model.SudokuBoard@623c9988[
  size=9
  solver=sudoku.model.BacktrackingSudokuSolver@66ab3716
  board={{9,1,2,8,3,4,5,6,7},{3,4,5,2,6,7,8,9,1},{6,7,8,9,1,5,2,3,4},{4,8,6,3,2,9,7,1,5},{1,3,9,7,5,6,4,2,8},{2,5,7,4,8,0,0,0,0},{0,0,0,0,0,0,0,0,0},{0,0,0,0,0,0,0,0,0},{0,0,0,0,0,0,0,0,0}}
]
2021-01-22T13:52:47,886 INFO  [main] sudoku.model.SudokuBoard Warto?? 0 wstawiona nieprawid?owo
2021-01-22T13:52:47,886 INFO  [main] sudoku.model.SudokuBoard B?ad w kwadracie 0
sudoku.model.SudokuBoard@623c9988[
  size=9
  solver=sudoku.model.BacktrackingSudokuSolver@66ab3716
  board={{9,1,2,8,3,4,5,6,7},{3,4,5,2,6,7,8,9,1},{6,7,8,9,1,5,2,3,4},{4,8,6,3,2,9,7,1,5},{1,3,9,7,5,6,4,2,8},{2,5,7,4,0,0,0,0,0},{0,0,0,0,0,0,0,0,0},{0,0,0,0,0,0,0,0,0},{0,0,0,0,0,0,0,0,0}}
]
2021-01-22T13:52:47,886 INFO  [main] sudoku.model.SudokuBoard Warto?? 0 wstawiona nieprawid?owo
2021-01-22T13:52:47,886 INFO  [main] sudoku.model.SudokuBoard B?ad w kwadracie 0
sudoku.model.SudokuBoard@623c9988[
  size=9
  solver=sudoku.model.BacktrackingSudokuSolver@66ab3716
  board={{9,1,2,8,3,4,5,6,7},{3,4,5,2,6,7,8,9,1},{6,7,8,9,1,5,2,3,4},{4,8,6,3,2,9,7,1,5},{1,3,9,7,5,6,4,2,8},{2,5,7,0,0,0,0,0,0},{0,0,0,0,0,0,0,0,0},{0,0,0,0,0,0,0,0,0},{0,0,0,0,0,0,0,0,0}}
]
2021-01-22T13:52:47,886 INFO  [main] sudoku.model.SudokuBoard Warto?? 0 wstawiona nieprawid?owo
2021-01-22T13:52:47,886 INFO  [main] sudoku.model.SudokuBoard B?ad w kwadracie 0
sudoku.model.SudokuBoard@623c9988[
  size=9
  solver=sudoku.model.BacktrackingSudokuSolver@66ab3716
  board={{9,1,2,8,3,4,5,6,7},{3,4,5,2,6,7,8,9,1},{6,7,8,9,1,5,2,3,4},{4,8,6,3,2,9,7,1,5},{1,3,9,7,5,6,4,2,8},{2,5,7,1,4,8,0,0,0},{0,0,0,0,0,0,0,0,0},{0,0,0,0,0,0,0,0,0},{0,0,0,0,0,0,0,0,0}}
]
2021-01-22T13:52:47,886 INFO  [main] sudoku.model.SudokuBoard Warto?? 0 wstawiona nieprawid?owo
2021-01-22T13:52:47,886 INFO  [main] sudoku.model.SudokuBoard B?ad w kwadracie 0
sudoku.model.SudokuBoard@623c9988[
  size=9
  solver=sudoku.model.BacktrackingSudokuSolver@66ab3716
  board={{9,1,2,8,3,4,5,6,7},{3,4,5,2,6,7,8,9,1},{6,7,8,9,1,5,2,3,4},{4,8,6,3,2,9,7,1,5},{1,3,9,7,5,6,4,2,8},{2,5,7,1,4,8,0,0,0},{0,0,0,0,0,0,0,0,0},{0,0,0,0,0,0,0,0,0},{0,0,0,0,0,0,0,0,0}}
]
2021-01-22T13:52:47,886 INFO  [main] sudoku.model.SudokuBoard Warto?? 0 wstawiona nieprawid?owo
2021-01-22T13:52:47,886 INFO  [main] sudoku.model.SudokuBoard B?ad w kwadracie 0
sudoku.model.SudokuBoard@623c9988[
  size=9
  solver=sudoku.model.BacktrackingSudokuSolver@66ab3716
  board={{9,1,2,8,3,4,5,6,7},{3,4,5,2,6,7,8,9,1},{6,7,8,9,1,5,2,3,4},{4,8,6,3,2,9,7,1,5},{1,3,9,7,5,6,4,2,8},{2,5,7,1,4,8,0,0,0},{0,0,0,0,0,0,0,0,0},{0,0,0,0,0,0,0,0,0},{0,0,0,0,0,0,0,0,0}}
]
2021-01-22T13:52:47,886 INFO  [main] sudoku.model.SudokuBoard Warto?? 0 wstawiona nieprawid?owo
2021-01-22T13:52:47,886 INFO  [main] sudoku.model.SudokuBoard B?ad w kwadracie 0
sudoku.model.SudokuBoard@623c9988[
  size=9
  solver=sudoku.model.BacktrackingSudokuSolver@66ab3716
  board={{9,1,2,8,3,4,5,6,7},{3,4,5,2,6,7,8,9,1},{6,7,8,9,1,5,2,3,4},{4,8,6,3,2,9,7,1,5},{1,3,9,7,5,6,4,2,8},{2,5,7,1,4,0,0,0,0},{0,0,0,0,0,0,0,0,0},{0,0,0,0,0,0,0,0,0},{0,0,0,0,0,0,0,0,0}}
]
2021-01-22T13:52:47,887 INFO  [main] sudoku.model.SudokuBoard Warto?? 0 wstawiona nieprawid?owo
2021-01-22T13:52:47,887 INFO  [main] sudoku.model.SudokuBoard B?ad w kwadracie 0
sudoku.model.SudokuBoard@623c9988[
  size=9
  solver=sudoku.model.BacktrackingSudokuSolver@66ab3716
  board={{9,1,2,8,3,4,5,6,7},{3,4,5,2,6,7,8,9,1},{6,7,8,9,1,5,2,3,4},{4,8,6,3,2,9,7,1,5},{1,3,9,7,5,6,4,2,8},{2,5,7,1,0,0,0,0,0},{0,0,0,0,0,0,0,0,0},{0,0,0,0,0,0,0,0,0},{0,0,0,0,0,0,0,0,0}}
]
2021-01-22T13:52:47,887 INFO  [main] sudoku.model.SudokuBoard Warto?? 0 wstawiona nieprawid?owo
2021-01-22T13:52:47,887 INFO  [main] sudoku.model.SudokuBoard B?ad w kwadracie 0
sudoku.model.SudokuBoard@623c9988[
  size=9
  solver=sudoku.model.BacktrackingSudokuSolver@66ab3716
  board={{9,1,2,8,3,4,5,6,7},{3,4,5,2,6,7,8,9,1},{6,7,8,9,1,5,2,3,4},{4,8,6,3,2,9,7,1,5},{1,3,9,7,5,6,4,2,8},{2,5,7,1,0,0,0,0,0},{0,0,0,0,0,0,0,0,0},{0,0,0,0,0,0,0,0,0},{0,0,0,0,0,0,0,0,0}}
]
2021-01-22T13:52:47,887 INFO  [main] sudoku.model.SudokuBoard Warto?? 0 wstawiona nieprawid?owo
2021-01-22T13:52:47,887 INFO  [main] sudoku.model.SudokuBoard B?ad w kwadracie 0
sudoku.model.SudokuBoard@623c9988[
  size=9
  solver=sudoku.model.BacktrackingSudokuSolver@66ab3716
  board={{9,1,2,8,3,4,5,6,7},{3,4,5,2,6,7,8,9,1},{6,7,8,9,1,5,2,3,4},{4,8,6,3,2,9,7,1,5},{1,3,9,7,5,6,4,2,8},{2,5,7,0,0,0,0,0,0},{0,0,0,0,0,0,0,0,0},{0,0,0,0,0,0,0,0,0},{0,0,0,0,0,0,0,0,0}}
]
2021-01-22T13:52:47,887 INFO  [main] sudoku.model.SudokuBoard Warto?? 0 wstawiona nieprawid?owo
2021-01-22T13:52:47,887 INFO  [main] sudoku.model.SudokuBoard B?ad w kwadracie 0
sudoku.model.SudokuBoard@623c9988[
  size=9
  solver=sudoku.model.BacktrackingSudokuSolver@66ab3716
  board={{9,1,2,8,3,4,5,6,7},{3,4,5,2,6,7,8,9,1},{6,7,8,9,1,5,2,3,4},{4,8,6,3,2,9,7,1,5},{1,3,9,7,5,6,4,2,8},{2,5,0,0,0,0,0,0,0},{0,0,0,0,0,0,0,0,0},{0,0,0,0,0,0,0,0,0},{0,0,0,0,0,0,0,0,0}}
]
2021-01-22T13:52:47,888 INFO  [main] sudoku.model.SudokuBoard Warto?? 0 wstawiona nieprawid?owo
2021-01-22T13:52:47,888 INFO  [main] sudoku.model.SudokuBoard B?ad w kwadracie 0
sudoku.model.SudokuBoard@623c9988[
  size=9
  solver=sudoku.model.BacktrackingSudokuSolver@66ab3716
  board={{9,1,2,8,3,4,5,6,7},{3,4,5,2,6,7,8,9,1},{6,7,8,9,1,5,2,3,4},{4,8,6,3,2,9,7,1,5},{1,3,9,7,5,6,4,2,8},{2,0,0,0,0,0,0,0,0},{0,0,0,0,0,0,0,0,0},{0,0,0,0,0,0,0,0,0},{0,0,0,0,0,0,0,0,0}}
]
2021-01-22T13:52:47,888 INFO  [main] sudoku.model.SudokuBoard Warto?? 0 wstawiona nieprawid?owo
2021-01-22T13:52:47,888 INFO  [main] sudoku.model.SudokuBoard B?ad w kwadracie 0
sudoku.model.SudokuBoard@623c9988[
  size=9
  solver=sudoku.model.BacktrackingSudokuSolver@66ab3716
  board={{9,1,2,8,3,4,5,6,7},{3,4,5,2,6,7,8,9,1},{6,7,8,9,1,5,2,3,4},{4,8,6,3,2,9,7,1,5},{1,3,9,7,5,6,4,2,8},{0,0,0,0,0,0,0,0,0},{0,0,0,0,0,0,0,0,0},{0,0,0,0,0,0,0,0,0},{0,0,0,0,0,0,0,0,0}}
]
2021-01-22T13:52:47,888 INFO  [main] sudoku.model.SudokuBoard Warto?? 0 wstawiona nieprawid?owo
2021-01-22T13:52:47,889 INFO  [main] sudoku.model.SudokuBoard B?ad w kwadracie 0
sudoku.model.SudokuBoard@623c9988[
  size=9
  solver=sudoku.model.BacktrackingSudokuSolver@66ab3716
  board={{9,1,2,8,3,4,5,6,7},{3,4,5,2,6,7,8,9,1},{6,7,8,9,1,5,2,3,4},{4,8,6,3,2,9,7,1,5},{1,3,9,7,5,6,4,2,8},{5,2,7,1,4,8,0,0,0},{0,0,0,0,0,0,0,0,0},{0,0,0,0,0,0,0,0,0},{0,0,0,0,0,0,0,0,0}}
]
2021-01-22T13:52:47,889 INFO  [main] sudoku.model.SudokuBoard Warto?? 0 wstawiona nieprawid?owo
2021-01-22T13:52:47,889 INFO  [main] sudoku.model.SudokuBoard B?ad w kwadracie 0
sudoku.model.SudokuBoard@623c9988[
  size=9
  solver=sudoku.model.BacktrackingSudokuSolver@66ab3716
  board={{9,1,2,8,3,4,5,6,7},{3,4,5,2,6,7,8,9,1},{6,7,8,9,1,5,2,3,4},{4,8,6,3,2,9,7,1,5},{1,3,9,7,5,6,4,2,8},{5,2,7,1,4,8,0,0,0},{0,0,0,0,0,0,0,0,0},{0,0,0,0,0,0,0,0,0},{0,0,0,0,0,0,0,0,0}}
]
2021-01-22T13:52:47,889 INFO  [main] sudoku.model.SudokuBoard Warto?? 0 wstawiona nieprawid?owo
2021-01-22T13:52:47,889 INFO  [main] sudoku.model.SudokuBoard B?ad w kwadracie 0
sudoku.model.SudokuBoard@623c9988[
  size=9
  solver=sudoku.model.BacktrackingSudokuSolver@66ab3716
  board={{9,1,2,8,3,4,5,6,7},{3,4,5,2,6,7,8,9,1},{6,7,8,9,1,5,2,3,4},{4,8,6,3,2,9,7,1,5},{1,3,9,7,5,6,4,2,8},{5,2,7,1,4,8,0,0,0},{0,0,0,0,0,0,0,0,0},{0,0,0,0,0,0,0,0,0},{0,0,0,0,0,0,0,0,0}}
]
2021-01-22T13:52:47,889 INFO  [main] sudoku.model.SudokuBoard Warto?? 0 wstawiona nieprawid?owo
2021-01-22T13:52:47,889 INFO  [main] sudoku.model.SudokuBoard B?ad w kwadracie 0
sudoku.model.SudokuBoard@623c9988[
  size=9
  solver=sudoku.model.BacktrackingSudokuSolver@66ab3716
  board={{9,1,2,8,3,4,5,6,7},{3,4,5,2,6,7,8,9,1},{6,7,8,9,1,5,2,3,4},{4,8,6,3,2,9,7,1,5},{1,3,9,7,5,6,4,2,8},{5,2,7,1,4,0,0,0,0},{0,0,0,0,0,0,0,0,0},{0,0,0,0,0,0,0,0,0},{0,0,0,0,0,0,0,0,0}}
]
2021-01-22T13:52:47,890 INFO  [main] sudoku.model.SudokuBoard Warto?? 0 wstawiona nieprawid?owo
2021-01-22T13:52:47,890 INFO  [main] sudoku.model.SudokuBoard B?ad w kwadracie 0
sudoku.model.SudokuBoard@623c9988[
  size=9
  solver=sudoku.model.BacktrackingSudokuSolver@66ab3716
  board={{9,1,2,8,3,4,5,6,7},{3,4,5,2,6,7,8,9,1},{6,7,8,9,1,5,2,3,4},{4,8,6,3,2,9,7,1,5},{1,3,9,7,5,6,4,2,8},{5,2,7,1,0,0,0,0,0},{0,0,0,0,0,0,0,0,0},{0,0,0,0,0,0,0,0,0},{0,0,0,0,0,0,0,0,0}}
]
2021-01-22T13:52:47,890 INFO  [main] sudoku.model.SudokuBoard Warto?? 0 wstawiona nieprawid?owo
2021-01-22T13:52:47,890 INFO  [main] sudoku.model.SudokuBoard B?ad w kwadracie 0
sudoku.model.SudokuBoard@623c9988[
  size=9
  solver=sudoku.model.BacktrackingSudokuSolver@66ab3716
  board={{9,1,2,8,3,4,5,6,7},{3,4,5,2,6,7,8,9,1},{6,7,8,9,1,5,2,3,4},{4,8,6,3,2,9,7,1,5},{1,3,9,7,5,6,4,2,8},{5,2,7,1,0,0,0,0,0},{0,0,0,0,0,0,0,0,0},{0,0,0,0,0,0,0,0,0},{0,0,0,0,0,0,0,0,0}}
]
2021-01-22T13:52:47,890 INFO  [main] sudoku.model.SudokuBoard Warto?? 0 wstawiona nieprawid?owo
2021-01-22T13:52:47,890 INFO  [main] sudoku.model.SudokuBoard B?ad w kwadracie 0
sudoku.model.SudokuBoard@623c9988[
  size=9
  solver=sudoku.model.BacktrackingSudokuSolver@66ab3716
  board={{9,1,2,8,3,4,5,6,7},{3,4,5,2,6,7,8,9,1},{6,7,8,9,1,5,2,3,4},{4,8,6,3,2,9,7,1,5},{1,3,9,7,5,6,4,2,8},{5,2,7,0,0,0,0,0,0},{0,0,0,0,0,0,0,0,0},{0,0,0,0,0,0,0,0,0},{0,0,0,0,0,0,0,0,0}}
]
2021-01-22T13:52:47,890 INFO  [main] sudoku.model.SudokuBoard Warto?? 0 wstawiona nieprawid?owo
2021-01-22T13:52:47,890 INFO  [main] sudoku.model.SudokuBoard B?ad w kwadracie 0
sudoku.model.SudokuBoard@623c9988[
  size=9
  solver=sudoku.model.BacktrackingSudokuSolver@66ab3716
  board={{9,1,2,8,3,4,5,6,7},{3,4,5,2,6,7,8,9,1},{6,7,8,9,1,5,2,3,4},{4,8,6,3,2,9,7,1,5},{1,3,9,7,5,6,4,2,8},{5,2,7,4,8,1,0,0,0},{0,0,0,0,0,0,0,0,0},{0,0,0,0,0,0,0,0,0},{0,0,0,0,0,0,0,0,0}}
]
2021-01-22T13:52:47,890 INFO  [main] sudoku.model.SudokuBoard Warto?? 0 wstawiona nieprawid?owo
2021-01-22T13:52:47,891 INFO  [main] sudoku.model.SudokuBoard B?ad w kwadracie 0
sudoku.model.SudokuBoard@623c9988[
  size=9
  solver=sudoku.model.BacktrackingSudokuSolver@66ab3716
  board={{9,1,2,8,3,4,5,6,7},{3,4,5,2,6,7,8,9,1},{6,7,8,9,1,5,2,3,4},{4,8,6,3,2,9,7,1,5},{1,3,9,7,5,6,4,2,8},{5,2,7,4,8,1,0,0,0},{0,0,0,0,0,0,0,0,0},{0,0,0,0,0,0,0,0,0},{0,0,0,0,0,0,0,0,0}}
]
2021-01-22T13:52:47,891 INFO  [main] sudoku.model.SudokuBoard Warto?? 0 wstawiona nieprawid?owo
2021-01-22T13:52:47,891 INFO  [main] sudoku.model.SudokuBoard B?ad w kwadracie 0
sudoku.model.SudokuBoard@623c9988[
  size=9
  solver=sudoku.model.BacktrackingSudokuSolver@66ab3716
  board={{9,1,2,8,3,4,5,6,7},{3,4,5,2,6,7,8,9,1},{6,7,8,9,1,5,2,3,4},{4,8,6,3,2,9,7,1,5},{1,3,9,7,5,6,4,2,8},{5,2,7,4,8,1,0,0,0},{0,0,0,0,0,0,0,0,0},{0,0,0,0,0,0,0,0,0},{0,0,0,0,0,0,0,0,0}}
]
2021-01-22T13:52:47,891 INFO  [main] sudoku.model.SudokuBoard Warto?? 0 wstawiona nieprawid?owo
2021-01-22T13:52:47,891 INFO  [main] sudoku.model.SudokuBoard B?ad w kwadracie 0
sudoku.model.SudokuBoard@623c9988[
  size=9
  solver=sudoku.model.BacktrackingSudokuSolver@66ab3716
  board={{9,1,2,8,3,4,5,6,7},{3,4,5,2,6,7,8,9,1},{6,7,8,9,1,5,2,3,4},{4,8,6,3,2,9,7,1,5},{1,3,9,7,5,6,4,2,8},{5,2,7,4,8,0,0,0,0},{0,0,0,0,0,0,0,0,0},{0,0,0,0,0,0,0,0,0},{0,0,0,0,0,0,0,0,0}}
]
2021-01-22T13:52:47,891 INFO  [main] sudoku.model.SudokuBoard Warto?? 0 wstawiona nieprawid?owo
2021-01-22T13:52:47,891 INFO  [main] sudoku.model.SudokuBoard B?ad w kwadracie 0
sudoku.model.SudokuBoard@623c9988[
  size=9
  solver=sudoku.model.BacktrackingSudokuSolver@66ab3716
  board={{9,1,2,8,3,4,5,6,7},{3,4,5,2,6,7,8,9,1},{6,7,8,9,1,5,2,3,4},{4,8,6,3,2,9,7,1,5},{1,3,9,7,5,6,4,2,8},{5,2,7,4,0,0,0,0,0},{0,0,0,0,0,0,0,0,0},{0,0,0,0,0,0,0,0,0},{0,0,0,0,0,0,0,0,0}}
]
2021-01-22T13:52:47,891 INFO  [main] sudoku.model.SudokuBoard Warto?? 0 wstawiona nieprawid?owo
2021-01-22T13:52:47,892 INFO  [main] sudoku.model.SudokuBoard B?ad w kwadracie 0
sudoku.model.SudokuBoard@623c9988[
  size=9
  solver=sudoku.model.BacktrackingSudokuSolver@66ab3716
  board={{9,1,2,8,3,4,5,6,7},{3,4,5,2,6,7,8,9,1},{6,7,8,9,1,5,2,3,4},{4,8,6,3,2,9,7,1,5},{1,3,9,7,5,6,4,2,8},{5,2,7,0,0,0,0,0,0},{0,0,0,0,0,0,0,0,0},{0,0,0,0,0,0,0,0,0},{0,0,0,0,0,0,0,0,0}}
]
2021-01-22T13:52:47,892 INFO  [main] sudoku.model.SudokuBoard Warto?? 0 wstawiona nieprawid?owo
2021-01-22T13:52:47,892 INFO  [main] sudoku.model.SudokuBoard B?ad w kwadracie 0
sudoku.model.SudokuBoard@623c9988[
  size=9
  solver=sudoku.model.BacktrackingSudokuSolver@66ab3716
  board={{9,1,2,8,3,4,5,6,7},{3,4,5,2,6,7,8,9,1},{6,7,8,9,1,5,2,3,4},{4,8,6,3,2,9,7,1,5},{1,3,9,7,5,6,4,2,8},{5,2,0,0,0,0,0,0,0},{0,0,0,0,0,0,0,0,0},{0,0,0,0,0,0,0,0,0},{0,0,0,0,0,0,0,0,0}}
]
2021-01-22T13:52:47,892 INFO  [main] sudoku.model.SudokuBoard Warto?? 0 wstawiona nieprawid?owo
2021-01-22T13:52:47,892 INFO  [main] sudoku.model.SudokuBoard B?ad w kwadracie 0
sudoku.model.SudokuBoard@623c9988[
  size=9
  solver=sudoku.model.BacktrackingSudokuSolver@66ab3716
  board={{9,1,2,8,3,4,5,6,7},{3,4,5,2,6,7,8,9,1},{6,7,8,9,1,5,2,3,4},{4,8,6,3,2,9,7,1,5},{1,3,9,7,5,6,4,2,8},{5,0,0,0,0,0,0,0,0},{0,0,0,0,0,0,0,0,0},{0,0,0,0,0,0,0,0,0},{0,0,0,0,0,0,0,0,0}}
]
2021-01-22T13:52:47,892 INFO  [main] sudoku.model.SudokuBoard Warto?? 0 wstawiona nieprawid?owo
2021-01-22T13:52:47,892 INFO  [main] sudoku.model.SudokuBoard B?ad w kwadracie 0
sudoku.model.SudokuBoard@623c9988[
  size=9
  solver=sudoku.model.BacktrackingSudokuSolver@66ab3716
  board={{9,1,2,8,3,4,5,6,7},{3,4,5,2,6,7,8,9,1},{6,7,8,9,1,5,2,3,4},{4,8,6,3,2,9,7,1,5},{1,3,9,7,5,6,4,2,8},{0,0,0,0,0,0,0,0,0},{0,0,0,0,0,0,0,0,0},{0,0,0,0,0,0,0,0,0},{0,0,0,0,0,0,0,0,0}}
]
2021-01-22T13:52:47,892 INFO  [main] sudoku.model.SudokuBoard Warto?? 0 wstawiona nieprawid?owo
2021-01-22T13:52:47,892 INFO  [main] sudoku.model.SudokuBoard B?ad w kwadracie 0
sudoku.model.SudokuBoard@623c9988[
  size=9
  solver=sudoku.model.BacktrackingSudokuSolver@66ab3716
  board={{9,1,2,8,3,4,5,6,7},{3,4,5,2,6,7,8,9,1},{6,7,8,9,1,5,2,3,4},{4,8,6,3,2,9,7,1,5},{1,3,9,7,5,6,4,2,0},{0,0,0,0,0,0,0,0,0},{0,0,0,0,0,0,0,0,0},{0,0,0,0,0,0,0,0,0},{0,0,0,0,0,0,0,0,0}}
]
2021-01-22T13:52:47,893 INFO  [main] sudoku.model.SudokuBoard Warto?? 0 wstawiona nieprawid?owo
2021-01-22T13:52:47,893 INFO  [main] sudoku.model.SudokuBoard B?ad w kwadracie 0
sudoku.model.SudokuBoard@623c9988[
  size=9
  solver=sudoku.model.BacktrackingSudokuSolver@66ab3716
  board={{9,1,2,8,3,4,5,6,7},{3,4,5,2,6,7,8,9,1},{6,7,8,9,1,5,2,3,4},{4,8,6,3,2,9,7,1,5},{1,3,9,7,5,6,4,0,0},{0,0,0,0,0,0,0,0,0},{0,0,0,0,0,0,0,0,0},{0,0,0,0,0,0,0,0,0},{0,0,0,0,0,0,0,0,0}}
]
2021-01-22T13:52:47,893 INFO  [main] sudoku.model.SudokuBoard Warto?? 0 wstawiona nieprawid?owo
2021-01-22T13:52:47,893 INFO  [main] sudoku.model.SudokuBoard B?ad w kwadracie 0
sudoku.model.SudokuBoard@623c9988[
  size=9
  solver=sudoku.model.BacktrackingSudokuSolver@66ab3716
  board={{9,1,2,8,3,4,5,6,7},{3,4,5,2,6,7,8,9,1},{6,7,8,9,1,5,2,3,4},{4,8,6,3,2,9,7,1,5},{1,3,9,7,5,6,0,0,0},{0,0,0,0,0,0,0,0,0},{0,0,0,0,0,0,0,0,0},{0,0,0,0,0,0,0,0,0},{0,0,0,0,0,0,0,0,0}}
]
2021-01-22T13:52:47,893 INFO  [main] sudoku.model.SudokuBoard Warto?? 0 wstawiona nieprawid?owo
2021-01-22T13:52:47,893 INFO  [main] sudoku.model.SudokuBoard B?ad w kwadracie 0
sudoku.model.SudokuBoard@623c9988[
  size=9
  solver=sudoku.model.BacktrackingSudokuSolver@66ab3716
  board={{9,1,2,8,3,4,5,6,7},{3,4,5,2,6,7,8,9,1},{6,7,8,9,1,5,2,3,4},{4,8,6,3,2,9,7,1,5},{1,3,9,7,5,0,0,0,0},{0,0,0,0,0,0,0,0,0},{0,0,0,0,0,0,0,0,0},{0,0,0,0,0,0,0,0,0},{0,0,0,0,0,0,0,0,0}}
]
2021-01-22T13:52:47,893 INFO  [main] sudoku.model.SudokuBoard Warto?? 0 wstawiona nieprawid?owo
2021-01-22T13:52:47,893 INFO  [main] sudoku.model.SudokuBoard B?ad w kwadracie 0
sudoku.model.SudokuBoard@623c9988[
  size=9
  solver=sudoku.model.BacktrackingSudokuSolver@66ab3716
  board={{9,1,2,8,3,4,5,6,7},{3,4,5,2,6,7,8,9,1},{6,7,8,9,1,5,2,3,4},{4,8,6,3,2,9,7,1,5},{1,3,9,7,5,8,4,2,6},{5,2,7,1,4,6,9,8,3},{7,9,1,4,8,3,6,5,2},{2,5,3,6,7,0,0,0,0},{0,0,0,0,0,0,0,0,0}}
]
2021-01-22T13:52:47,893 INFO  [main] sudoku.model.SudokuBoard Warto?? 0 wstawiona nieprawid?owo
2021-01-22T13:52:47,894 INFO  [main] sudoku.model.SudokuBoard B?ad w kwadracie 0
sudoku.model.SudokuBoard@623c9988[
  size=9
  solver=sudoku.model.BacktrackingSudokuSolver@66ab3716
  board={{9,1,2,8,3,4,5,6,7},{3,4,5,2,6,7,8,9,1},{6,7,8,9,1,5,2,3,4},{4,8,6,3,2,9,7,1,5},{1,3,9,7,5,8,4,2,6},{5,2,7,1,4,6,9,8,3},{7,9,1,4,8,3,6,5,2},{2,5,3,6,0,0,0,0,0},{0,0,0,0,0,0,0,0,0}}
]
2021-01-22T13:52:47,894 INFO  [main] sudoku.model.SudokuBoard Warto?? 0 wstawiona nieprawid?owo
2021-01-22T13:52:47,894 INFO  [main] sudoku.model.SudokuBoard B?ad w kwadracie 0
sudoku.model.SudokuBoard@623c9988[
  size=9
  solver=sudoku.model.BacktrackingSudokuSolver@66ab3716
  board={{9,1,2,8,3,4,5,6,7},{3,4,5,2,6,7,8,9,1},{6,7,8,9,1,5,2,3,4},{4,8,6,3,2,9,7,1,5},{1,3,9,7,5,8,4,2,6},{5,2,7,1,4,6,9,8,3},{7,9,1,4,8,3,6,5,2},{2,5,3,6,9,0,0,0,0},{0,0,0,0,0,0,0,0,0}}
]
2021-01-22T13:52:47,894 INFO  [main] sudoku.model.SudokuBoard Warto?? 0 wstawiona nieprawid?owo
2021-01-22T13:52:47,894 INFO  [main] sudoku.model.SudokuBoard B?ad w kwadracie 0
sudoku.model.SudokuBoard@623c9988[
  size=9
  solver=sudoku.model.BacktrackingSudokuSolver@66ab3716
  board={{9,1,2,8,3,4,5,6,7},{3,4,5,2,6,7,8,9,1},{6,7,8,9,1,5,2,3,4},{4,8,6,3,2,9,7,1,5},{1,3,9,7,5,8,4,2,6},{5,2,7,1,4,6,9,8,3},{7,9,1,4,8,3,6,5,2},{2,5,3,6,0,0,0,0,0},{0,0,0,0,0,0,0,0,0}}
]
2021-01-22T13:52:47,895 INFO  [main] sudoku.model.SudokuBoard Warto?? 0 wstawiona nieprawid?owo
2021-01-22T13:52:47,895 INFO  [main] sudoku.model.SudokuBoard B?ad w kwadracie 0
sudoku.model.SudokuBoard@623c9988[
  size=9
  solver=sudoku.model.BacktrackingSudokuSolver@66ab3716
  board={{9,1,2,8,3,4,5,6,7},{3,4,5,2,6,7,8,9,1},{6,7,8,9,1,5,2,3,4},{4,8,6,3,2,9,7,1,5},{1,3,9,7,5,8,4,2,6},{5,2,7,1,4,6,9,8,3},{7,9,1,4,8,3,6,5,2},{2,5,3,0,0,0,0,0,0},{0,0,0,0,0,0,0,0,0}}
]
2021-01-22T13:52:47,895 INFO  [main] sudoku.model.SudokuBoard Warto?? 0 wstawiona nieprawid?owo
2021-01-22T13:52:47,895 INFO  [main] sudoku.model.SudokuBoard B?ad w kwadracie 0
sudoku.model.SudokuBoard@623c9988[
  size=9
  solver=sudoku.model.BacktrackingSudokuSolver@66ab3716
  board={{9,1,2,8,3,4,5,6,7},{3,4,5,2,6,7,8,9,1},{6,7,8,9,1,5,2,3,4},{4,8,6,3,2,9,7,1,5},{1,3,9,7,5,8,4,2,6},{5,2,7,1,4,6,9,8,3},{7,9,1,4,8,3,6,5,2},{2,5,0,0,0,0,0,0,0},{0,0,0,0,0,0,0,0,0}}
]
2021-01-22T13:52:47,895 INFO  [main] sudoku.model.SudokuBoard Warto?? 0 wstawiona nieprawid?owo
2021-01-22T13:52:47,895 INFO  [main] sudoku.model.SudokuBoard B?ad w kwadracie 0
sudoku.model.SudokuBoard@623c9988[
  size=9
  solver=sudoku.model.BacktrackingSudokuSolver@66ab3716
  board={{9,1,2,8,3,4,5,6,7},{3,4,5,2,6,7,8,9,1},{6,7,8,9,1,5,2,3,4},{4,8,6,3,2,9,7,1,5},{1,3,9,7,5,8,4,2,6},{5,2,7,1,4,6,9,8,3},{7,9,1,4,8,3,6,5,2},{2,5,4,6,7,1,0,0,0},{0,0,0,0,0,0,0,0,0}}
]
2021-01-22T13:52:47,895 INFO  [main] sudoku.model.SudokuBoard Warto?? 0 wstawiona nieprawid?owo
2021-01-22T13:52:47,895 INFO  [main] sudoku.model.SudokuBoard B?ad w kwadracie 0
sudoku.model.SudokuBoard@623c9988[
  size=9
  solver=sudoku.model.BacktrackingSudokuSolver@66ab3716
  board={{9,1,2,8,3,4,5,6,7},{3,4,5,2,6,7,8,9,1},{6,7,8,9,1,5,2,3,4},{4,8,6,3,2,9,7,1,5},{1,3,9,7,5,8,4,2,6},{5,2,7,1,4,6,9,8,3},{7,9,1,4,8,3,6,5,2},{2,5,4,6,7,0,0,0,0},{0,0,0,0,0,0,0,0,0}}
]
2021-01-22T13:52:47,895 INFO  [main] sudoku.model.SudokuBoard Warto?? 0 wstawiona nieprawid?owo
2021-01-22T13:52:47,896 INFO  [main] sudoku.model.SudokuBoard B?ad w kwadracie 0
sudoku.model.SudokuBoard@623c9988[
  size=9
  solver=sudoku.model.BacktrackingSudokuSolver@66ab3716
  board={{9,1,2,8,3,4,5,6,7},{3,4,5,2,6,7,8,9,1},{6,7,8,9,1,5,2,3,4},{4,8,6,3,2,9,7,1,5},{1,3,9,7,5,8,4,2,6},{5,2,7,1,4,6,9,8,3},{7,9,1,4,8,3,6,5,2},{2,5,4,6,0,0,0,0,0},{0,0,0,0,0,0,0,0,0}}
]
2021-01-22T13:52:47,896 INFO  [main] sudoku.model.SudokuBoard Warto?? 0 wstawiona nieprawid?owo
2021-01-22T13:52:47,896 INFO  [main] sudoku.model.SudokuBoard B?ad w kwadracie 0
sudoku.model.SudokuBoard@623c9988[
  size=9
  solver=sudoku.model.BacktrackingSudokuSolver@66ab3716
  board={{0,1,2,8,3,4,5,6,7},{3,4,5,2,6,7,8,9,1},{6,7,8,9,1,5,2,3,4},{4,8,6,3,2,9,7,1,5},{1,3,9,7,5,8,4,2,6},{5,2,7,1,4,6,9,8,3},{7,9,1,4,8,3,6,5,2},{2,5,4,6,9,1,3,7,8},{8,6,3,5,7,2,1,4,9}}
]
2021-01-22T13:52:47,896 INFO  [main] sudoku.model.SudokuBoard Warto?? 0 wstawiona nieprawid?owo
2021-01-22T13:52:47,915 INFO  [main] sudoku.model.SudokuField B??d, value musi by? w zakresie <-1;9>, a jego warto?? to=12

2021-01-22T13:52:47,917 INFO  [main] sudoku.model.SudokuField B??d, value musi by? w zakresie <-1;9>, a jego warto?? to=-100

